[2024-08-26T10:05:44.897+0000] {logging_mixin.py:149} INFO - Changing /opt/***/logs/dag_id=currency_exchange_dag/run_id=manual__2024-08-26T10:05:42.464637+00:00/task_id=calculate_exchange_rate_change permission to 509
[2024-08-26T10:05:44.898+0000] {logging_mixin.py:149} INFO - Failed to change /opt/***/logs/dag_id=currency_exchange_dag/run_id=manual__2024-08-26T10:05:42.464637+00:00/task_id=calculate_exchange_rate_change permission to 509: [Errno 1] Operation not permitted: '/opt/***/logs/dag_id=currency_exchange_dag/run_id=manual__2024-08-26T10:05:42.464637+00:00/task_id=calculate_exchange_rate_change'
[2024-08-26T10:05:44.933+0000] {logging_mixin.py:149} INFO - Changing /opt/***/logs/dag_id=currency_exchange_dag/run_id=manual__2024-08-26T10:05:42.464637+00:00/task_id=calculate_exchange_rate_change permission to 509
[2024-08-26T10:05:44.933+0000] {logging_mixin.py:149} INFO - Failed to change /opt/***/logs/dag_id=currency_exchange_dag/run_id=manual__2024-08-26T10:05:42.464637+00:00/task_id=calculate_exchange_rate_change permission to 509: [Errno 1] Operation not permitted: '/opt/***/logs/dag_id=currency_exchange_dag/run_id=manual__2024-08-26T10:05:42.464637+00:00/task_id=calculate_exchange_rate_change'
[2024-08-26T10:05:44.977+0000] {taskinstance.py:1103} INFO - Dependencies all met for dep_context=non-requeueable deps ti=<TaskInstance: currency_exchange_dag.calculate_exchange_rate_change manual__2024-08-26T10:05:42.464637+00:00 [queued]>
[2024-08-26T10:05:44.985+0000] {taskinstance.py:1103} INFO - Dependencies all met for dep_context=requeueable deps ti=<TaskInstance: currency_exchange_dag.calculate_exchange_rate_change manual__2024-08-26T10:05:42.464637+00:00 [queued]>
[2024-08-26T10:05:44.986+0000] {taskinstance.py:1308} INFO - Starting attempt 1 of 2
[2024-08-26T10:05:44.998+0000] {taskinstance.py:1327} INFO - Executing <Task(PythonOperator): calculate_exchange_rate_change> on 2024-08-26 10:05:42.464637+00:00
[2024-08-26T10:05:45.002+0000] {standard_task_runner.py:57} INFO - Started process 579 to run task
[2024-08-26T10:05:45.004+0000] {standard_task_runner.py:84} INFO - Running: ['***', 'tasks', 'run', 'currency_exchange_dag', 'calculate_exchange_rate_change', 'manual__2024-08-26T10:05:42.464637+00:00', '--job-id', '5', '--raw', '--subdir', 'DAGS_FOLDER/exchange_rate_dag.py', '--cfg-path', '/tmp/tmpy6l4j48w']
[2024-08-26T10:05:45.005+0000] {standard_task_runner.py:85} INFO - Job 5: Subtask calculate_exchange_rate_change
[2024-08-26T10:05:45.017+0000] {logging_mixin.py:149} WARNING - /home/***/.local/lib/python3.7/site-packages/***/settings.py:195 DeprecationWarning: The sql_alchemy_conn option in [core] has been moved to the sql_alchemy_conn option in [database] - the old setting has been used, but please update your config.
[2024-08-26T10:05:45.047+0000] {logging_mixin.py:149} INFO - Changing /opt/***/logs/dag_id=currency_exchange_dag/run_id=manual__2024-08-26T10:05:42.464637+00:00/task_id=calculate_exchange_rate_change permission to 509
[2024-08-26T10:05:45.047+0000] {logging_mixin.py:149} INFO - Failed to change /opt/***/logs/dag_id=currency_exchange_dag/run_id=manual__2024-08-26T10:05:42.464637+00:00/task_id=calculate_exchange_rate_change permission to 509: [Errno 1] Operation not permitted: '/opt/***/logs/dag_id=currency_exchange_dag/run_id=manual__2024-08-26T10:05:42.464637+00:00/task_id=calculate_exchange_rate_change'
[2024-08-26T10:05:45.050+0000] {task_command.py:410} INFO - Running <TaskInstance: currency_exchange_dag.calculate_exchange_rate_change manual__2024-08-26T10:05:42.464637+00:00 [running]> on host 2da5a2d45f04
[2024-08-26T10:05:45.126+0000] {taskinstance.py:1547} INFO - Exporting env vars: AIRFLOW_CTX_DAG_OWNER='***' AIRFLOW_CTX_DAG_ID='currency_exchange_dag' AIRFLOW_CTX_TASK_ID='calculate_exchange_rate_change' AIRFLOW_CTX_EXECUTION_DATE='2024-08-26T10:05:42.464637+00:00' AIRFLOW_CTX_TRY_NUMBER='1' AIRFLOW_CTX_DAG_RUN_ID='manual__2024-08-26T10:05:42.464637+00:00'
[2024-08-26T10:05:45.131+0000] {python.py:183} INFO - Done. Returned value was: None
[2024-08-26T10:05:45.139+0000] {taskinstance.py:1350} INFO - Marking task as SUCCESS. dag_id=currency_exchange_dag, task_id=calculate_exchange_rate_change, execution_date=20240826T100542, start_date=20240826T100544, end_date=20240826T100545
[2024-08-26T10:05:45.177+0000] {local_task_job_runner.py:225} INFO - Task exited with return code 0
[2024-08-26T10:05:45.198+0000] {taskinstance.py:2653} INFO - 0 downstream tasks scheduled from follow-on schedule check
