[2024-08-27T13:18:55.678+0000] {logging_mixin.py:149} INFO - Changing /opt/***/logs/dag_id=currency_exchange_dag/run_id=manual__2024-08-27T13:18:53.217371+00:00/task_id=calculate_exchange_rate_change permission to 509
[2024-08-27T13:18:55.679+0000] {logging_mixin.py:149} INFO - Failed to change /opt/***/logs/dag_id=currency_exchange_dag/run_id=manual__2024-08-27T13:18:53.217371+00:00/task_id=calculate_exchange_rate_change permission to 509: [Errno 1] Operation not permitted: '/opt/***/logs/dag_id=currency_exchange_dag/run_id=manual__2024-08-27T13:18:53.217371+00:00/task_id=calculate_exchange_rate_change'
[2024-08-27T13:18:55.705+0000] {logging_mixin.py:149} INFO - Changing /opt/***/logs/dag_id=currency_exchange_dag/run_id=manual__2024-08-27T13:18:53.217371+00:00/task_id=calculate_exchange_rate_change permission to 509
[2024-08-27T13:18:55.706+0000] {logging_mixin.py:149} INFO - Failed to change /opt/***/logs/dag_id=currency_exchange_dag/run_id=manual__2024-08-27T13:18:53.217371+00:00/task_id=calculate_exchange_rate_change permission to 509: [Errno 1] Operation not permitted: '/opt/***/logs/dag_id=currency_exchange_dag/run_id=manual__2024-08-27T13:18:53.217371+00:00/task_id=calculate_exchange_rate_change'
[2024-08-27T13:18:55.740+0000] {taskinstance.py:1103} INFO - Dependencies all met for dep_context=non-requeueable deps ti=<TaskInstance: currency_exchange_dag.calculate_exchange_rate_change manual__2024-08-27T13:18:53.217371+00:00 [queued]>
[2024-08-27T13:18:55.748+0000] {taskinstance.py:1103} INFO - Dependencies all met for dep_context=requeueable deps ti=<TaskInstance: currency_exchange_dag.calculate_exchange_rate_change manual__2024-08-27T13:18:53.217371+00:00 [queued]>
[2024-08-27T13:18:55.749+0000] {taskinstance.py:1308} INFO - Starting attempt 1 of 2
[2024-08-27T13:18:55.764+0000] {taskinstance.py:1327} INFO - Executing <Task(PythonOperator): calculate_exchange_rate_change> on 2024-08-27 13:18:53.217371+00:00
[2024-08-27T13:18:55.769+0000] {standard_task_runner.py:57} INFO - Started process 201 to run task
[2024-08-27T13:18:55.772+0000] {standard_task_runner.py:84} INFO - Running: ['***', 'tasks', 'run', 'currency_exchange_dag', 'calculate_exchange_rate_change', 'manual__2024-08-27T13:18:53.217371+00:00', '--job-id', '4', '--raw', '--subdir', 'DAGS_FOLDER/exchange_rate_dag.py', '--cfg-path', '/tmp/tmpvzmmqcn9']
[2024-08-27T13:18:55.774+0000] {standard_task_runner.py:85} INFO - Job 4: Subtask calculate_exchange_rate_change
[2024-08-27T13:18:55.790+0000] {logging_mixin.py:149} WARNING - /home/***/.local/lib/python3.7/site-packages/***/settings.py:195 DeprecationWarning: The sql_alchemy_conn option in [core] has been moved to the sql_alchemy_conn option in [database] - the old setting has been used, but please update your config.
[2024-08-27T13:18:55.829+0000] {logging_mixin.py:149} INFO - Changing /opt/***/logs/dag_id=currency_exchange_dag/run_id=manual__2024-08-27T13:18:53.217371+00:00/task_id=calculate_exchange_rate_change permission to 509
[2024-08-27T13:18:55.829+0000] {logging_mixin.py:149} INFO - Failed to change /opt/***/logs/dag_id=currency_exchange_dag/run_id=manual__2024-08-27T13:18:53.217371+00:00/task_id=calculate_exchange_rate_change permission to 509: [Errno 1] Operation not permitted: '/opt/***/logs/dag_id=currency_exchange_dag/run_id=manual__2024-08-27T13:18:53.217371+00:00/task_id=calculate_exchange_rate_change'
[2024-08-27T13:18:55.832+0000] {task_command.py:410} INFO - Running <TaskInstance: currency_exchange_dag.calculate_exchange_rate_change manual__2024-08-27T13:18:53.217371+00:00 [running]> on host 0b490f25fde1
[2024-08-27T13:18:55.917+0000] {taskinstance.py:1547} INFO - Exporting env vars: AIRFLOW_CTX_DAG_OWNER='***' AIRFLOW_CTX_DAG_ID='currency_exchange_dag' AIRFLOW_CTX_TASK_ID='calculate_exchange_rate_change' AIRFLOW_CTX_EXECUTION_DATE='2024-08-27T13:18:53.217371+00:00' AIRFLOW_CTX_TRY_NUMBER='1' AIRFLOW_CTX_DAG_RUN_ID='manual__2024-08-27T13:18:53.217371+00:00'
[2024-08-27T13:18:55.924+0000] {python.py:183} INFO - Done. Returned value was: None
[2024-08-27T13:18:55.933+0000] {taskinstance.py:1350} INFO - Marking task as SUCCESS. dag_id=currency_exchange_dag, task_id=calculate_exchange_rate_change, execution_date=20240827T131853, start_date=20240827T131855, end_date=20240827T131855
[2024-08-27T13:18:55.985+0000] {local_task_job_runner.py:225} INFO - Task exited with return code 0
[2024-08-27T13:18:56.012+0000] {taskinstance.py:2653} INFO - 0 downstream tasks scheduled from follow-on schedule check
