[2024-08-27T18:32:01.315+0000] {logging_mixin.py:149} WARNING - /home/***/.local/lib/python3.7/site-packages/***/utils/sqlalchemy.py:124 DeprecationWarning: The sql_alchemy_conn option in [core] has been moved to the sql_alchemy_conn option in [database] - the old setting has been used, but please update your config.
[2024-08-27T18:32:01.322+0000] {logging_mixin.py:149} INFO - Changing /opt/***/logs/dag_id=part_b_currency_exchange_dag/run_id=scheduled__2024-08-27T18:31:00+00:00/task_id=calculate_exchange_rate_change_part_b permission to 509
[2024-08-27T18:32:01.323+0000] {logging_mixin.py:149} INFO - Failed to change /opt/***/logs/dag_id=part_b_currency_exchange_dag/run_id=scheduled__2024-08-27T18:31:00+00:00/task_id=calculate_exchange_rate_change_part_b permission to 509: [Errno 1] Operation not permitted: '/opt/***/logs/dag_id=part_b_currency_exchange_dag/run_id=scheduled__2024-08-27T18:31:00+00:00/task_id=calculate_exchange_rate_change_part_b'
[2024-08-27T18:32:01.355+0000] {logging_mixin.py:149} INFO - Changing /opt/***/logs/dag_id=part_b_currency_exchange_dag/run_id=scheduled__2024-08-27T18:31:00+00:00/task_id=calculate_exchange_rate_change_part_b permission to 509
[2024-08-27T18:32:01.356+0000] {logging_mixin.py:149} INFO - Failed to change /opt/***/logs/dag_id=part_b_currency_exchange_dag/run_id=scheduled__2024-08-27T18:31:00+00:00/task_id=calculate_exchange_rate_change_part_b permission to 509: [Errno 1] Operation not permitted: '/opt/***/logs/dag_id=part_b_currency_exchange_dag/run_id=scheduled__2024-08-27T18:31:00+00:00/task_id=calculate_exchange_rate_change_part_b'
[2024-08-27T18:32:01.387+0000] {taskinstance.py:1103} INFO - Dependencies all met for dep_context=non-requeueable deps ti=<TaskInstance: part_b_currency_exchange_dag.calculate_exchange_rate_change_part_b scheduled__2024-08-27T18:31:00+00:00 [queued]>
[2024-08-27T18:32:01.396+0000] {taskinstance.py:1103} INFO - Dependencies all met for dep_context=requeueable deps ti=<TaskInstance: part_b_currency_exchange_dag.calculate_exchange_rate_change_part_b scheduled__2024-08-27T18:31:00+00:00 [queued]>
[2024-08-27T18:32:01.397+0000] {taskinstance.py:1308} INFO - Starting attempt 1 of 2
[2024-08-27T18:32:01.413+0000] {taskinstance.py:1327} INFO - Executing <Task(PythonOperator): calculate_exchange_rate_change_part_b> on 2024-08-27 18:31:00+00:00
[2024-08-27T18:32:01.417+0000] {standard_task_runner.py:57} INFO - Started process 496 to run task
[2024-08-27T18:32:01.420+0000] {standard_task_runner.py:84} INFO - Running: ['***', 'tasks', 'run', 'part_b_currency_exchange_dag', 'calculate_exchange_rate_change_part_b', 'scheduled__2024-08-27T18:31:00+00:00', '--job-id', '19', '--raw', '--subdir', 'DAGS_FOLDER/currency_exchange_dag_part_b.py', '--cfg-path', '/tmp/tmp6kvy3u1l']
[2024-08-27T18:32:01.422+0000] {standard_task_runner.py:85} INFO - Job 19: Subtask calculate_exchange_rate_change_part_b
[2024-08-27T18:32:01.438+0000] {logging_mixin.py:149} WARNING - /home/***/.local/lib/python3.7/site-packages/***/settings.py:195 DeprecationWarning: The sql_alchemy_conn option in [core] has been moved to the sql_alchemy_conn option in [database] - the old setting has been used, but please update your config.
[2024-08-27T18:32:01.477+0000] {logging_mixin.py:149} INFO - Changing /opt/***/logs/dag_id=part_b_currency_exchange_dag/run_id=scheduled__2024-08-27T18:31:00+00:00/task_id=calculate_exchange_rate_change_part_b permission to 509
[2024-08-27T18:32:01.478+0000] {logging_mixin.py:149} INFO - Failed to change /opt/***/logs/dag_id=part_b_currency_exchange_dag/run_id=scheduled__2024-08-27T18:31:00+00:00/task_id=calculate_exchange_rate_change_part_b permission to 509: [Errno 1] Operation not permitted: '/opt/***/logs/dag_id=part_b_currency_exchange_dag/run_id=scheduled__2024-08-27T18:31:00+00:00/task_id=calculate_exchange_rate_change_part_b'
[2024-08-27T18:32:01.480+0000] {task_command.py:410} INFO - Running <TaskInstance: part_b_currency_exchange_dag.calculate_exchange_rate_change_part_b scheduled__2024-08-27T18:31:00+00:00 [running]> on host 08c83ac7a73b
[2024-08-27T18:32:01.494+0000] {logging_mixin.py:149} WARNING - /home/***/.local/lib/python3.7/site-packages/***/utils/sqlalchemy.py:124 DeprecationWarning: The sql_alchemy_conn option in [core] has been moved to the sql_alchemy_conn option in [database] - the old setting has been used, but please update your config.
[2024-08-27T18:32:01.577+0000] {taskinstance.py:1547} INFO - Exporting env vars: AIRFLOW_CTX_DAG_OWNER='***' AIRFLOW_CTX_DAG_ID='part_b_currency_exchange_dag' AIRFLOW_CTX_TASK_ID='calculate_exchange_rate_change_part_b' AIRFLOW_CTX_EXECUTION_DATE='2024-08-27T18:31:00+00:00' AIRFLOW_CTX_TRY_NUMBER='1' AIRFLOW_CTX_DAG_RUN_ID='scheduled__2024-08-27T18:31:00+00:00'
[2024-08-27T18:32:01.583+0000] {python.py:183} INFO - Done. Returned value was: None
[2024-08-27T18:32:01.593+0000] {taskinstance.py:1350} INFO - Marking task as SUCCESS. dag_id=part_b_currency_exchange_dag, task_id=calculate_exchange_rate_change_part_b, execution_date=20240827T183100, start_date=20240827T183201, end_date=20240827T183201
[2024-08-27T18:32:01.633+0000] {local_task_job_runner.py:225} INFO - Task exited with return code 0
[2024-08-27T18:32:01.664+0000] {taskinstance.py:2653} INFO - 0 downstream tasks scheduled from follow-on schedule check
