[2024-08-27T13:04:30.810+0000] {logging_mixin.py:149} INFO - Changing /opt/***/logs/dag_id=currency_exchange_dag/run_id=manual__2024-08-27T13:04:29.157738+00:00/task_id=calculate_exchange_rate_change permission to 509
[2024-08-27T13:04:30.811+0000] {logging_mixin.py:149} INFO - Failed to change /opt/***/logs/dag_id=currency_exchange_dag/run_id=manual__2024-08-27T13:04:29.157738+00:00/task_id=calculate_exchange_rate_change permission to 509: [Errno 1] Operation not permitted: '/opt/***/logs/dag_id=currency_exchange_dag/run_id=manual__2024-08-27T13:04:29.157738+00:00/task_id=calculate_exchange_rate_change'
[2024-08-27T13:04:30.842+0000] {logging_mixin.py:149} INFO - Changing /opt/***/logs/dag_id=currency_exchange_dag/run_id=manual__2024-08-27T13:04:29.157738+00:00/task_id=calculate_exchange_rate_change permission to 509
[2024-08-27T13:04:30.843+0000] {logging_mixin.py:149} INFO - Failed to change /opt/***/logs/dag_id=currency_exchange_dag/run_id=manual__2024-08-27T13:04:29.157738+00:00/task_id=calculate_exchange_rate_change permission to 509: [Errno 1] Operation not permitted: '/opt/***/logs/dag_id=currency_exchange_dag/run_id=manual__2024-08-27T13:04:29.157738+00:00/task_id=calculate_exchange_rate_change'
[2024-08-27T13:04:30.878+0000] {taskinstance.py:1103} INFO - Dependencies all met for dep_context=non-requeueable deps ti=<TaskInstance: currency_exchange_dag.calculate_exchange_rate_change manual__2024-08-27T13:04:29.157738+00:00 [queued]>
[2024-08-27T13:04:30.889+0000] {taskinstance.py:1103} INFO - Dependencies all met for dep_context=requeueable deps ti=<TaskInstance: currency_exchange_dag.calculate_exchange_rate_change manual__2024-08-27T13:04:29.157738+00:00 [queued]>
[2024-08-27T13:04:30.890+0000] {taskinstance.py:1308} INFO - Starting attempt 1 of 2
[2024-08-27T13:04:30.905+0000] {taskinstance.py:1327} INFO - Executing <Task(PythonOperator): calculate_exchange_rate_change> on 2024-08-27 13:04:29.157738+00:00
[2024-08-27T13:04:30.909+0000] {standard_task_runner.py:57} INFO - Started process 215 to run task
[2024-08-27T13:04:30.912+0000] {standard_task_runner.py:84} INFO - Running: ['***', 'tasks', 'run', 'currency_exchange_dag', 'calculate_exchange_rate_change', 'manual__2024-08-27T13:04:29.157738+00:00', '--job-id', '6', '--raw', '--subdir', 'DAGS_FOLDER/exchange_rate_dag.py', '--cfg-path', '/tmp/tmpubemmv02']
[2024-08-27T13:04:30.917+0000] {standard_task_runner.py:85} INFO - Job 6: Subtask calculate_exchange_rate_change
[2024-08-27T13:04:30.935+0000] {logging_mixin.py:149} WARNING - /home/***/.local/lib/python3.7/site-packages/***/settings.py:195 DeprecationWarning: The sql_alchemy_conn option in [core] has been moved to the sql_alchemy_conn option in [database] - the old setting has been used, but please update your config.
[2024-08-27T13:04:30.968+0000] {logging_mixin.py:149} INFO - Changing /opt/***/logs/dag_id=currency_exchange_dag/run_id=manual__2024-08-27T13:04:29.157738+00:00/task_id=calculate_exchange_rate_change permission to 509
[2024-08-27T13:04:30.969+0000] {logging_mixin.py:149} INFO - Failed to change /opt/***/logs/dag_id=currency_exchange_dag/run_id=manual__2024-08-27T13:04:29.157738+00:00/task_id=calculate_exchange_rate_change permission to 509: [Errno 1] Operation not permitted: '/opt/***/logs/dag_id=currency_exchange_dag/run_id=manual__2024-08-27T13:04:29.157738+00:00/task_id=calculate_exchange_rate_change'
[2024-08-27T13:04:30.970+0000] {task_command.py:410} INFO - Running <TaskInstance: currency_exchange_dag.calculate_exchange_rate_change manual__2024-08-27T13:04:29.157738+00:00 [running]> on host ff5f64dee89e
[2024-08-27T13:04:31.046+0000] {taskinstance.py:1547} INFO - Exporting env vars: AIRFLOW_CTX_DAG_OWNER='***' AIRFLOW_CTX_DAG_ID='currency_exchange_dag' AIRFLOW_CTX_TASK_ID='calculate_exchange_rate_change' AIRFLOW_CTX_EXECUTION_DATE='2024-08-27T13:04:29.157738+00:00' AIRFLOW_CTX_TRY_NUMBER='1' AIRFLOW_CTX_DAG_RUN_ID='manual__2024-08-27T13:04:29.157738+00:00'
[2024-08-27T13:04:31.054+0000] {exchange_rate_dag.py:69} INFO - Exchange rate changes calculated successfully.
[2024-08-27T13:04:31.055+0000] {python.py:183} INFO - Done. Returned value was: None
[2024-08-27T13:04:31.064+0000] {taskinstance.py:1350} INFO - Marking task as SUCCESS. dag_id=currency_exchange_dag, task_id=calculate_exchange_rate_change, execution_date=20240827T130429, start_date=20240827T130430, end_date=20240827T130431
[2024-08-27T13:04:31.084+0000] {local_task_job_runner.py:225} INFO - Task exited with return code 0
[2024-08-27T13:04:31.101+0000] {taskinstance.py:2653} INFO - 0 downstream tasks scheduled from follow-on schedule check
