[2024-08-27T16:18:00.901+0000] {warnings.py:110} WARNING - /home/***/.local/lib/python3.7/site-packages/***/utils/sqlalchemy.py:124: DeprecationWarning: The sql_alchemy_conn option in [core] has been moved to the sql_alchemy_conn option in [database] - the old setting has been used, but please update your config.
  return not conf.get("database", "sql_alchemy_conn").startswith("mssql")

[2024-08-27T16:18:00.906+0000] {logging_mixin.py:149} INFO - Changing /opt/***/logs/dag_id=currency_exchange_dag_part_b/run_id=scheduled__2024-08-27T16:17:00+00:00/task_id=calculate_exchange_rate_change_batch permission to 509
[2024-08-27T16:18:00.909+0000] {logging_mixin.py:149} INFO - Failed to change /opt/***/logs/dag_id=currency_exchange_dag_part_b/run_id=scheduled__2024-08-27T16:17:00+00:00/task_id=calculate_exchange_rate_change_batch permission to 509: [Errno 1] Operation not permitted: '/opt/***/logs/dag_id=currency_exchange_dag_part_b/run_id=scheduled__2024-08-27T16:17:00+00:00/task_id=calculate_exchange_rate_change_batch'
[2024-08-27T16:18:00.933+0000] {logging_mixin.py:149} INFO - Changing /opt/***/logs/dag_id=currency_exchange_dag_part_b/run_id=scheduled__2024-08-27T16:17:00+00:00/task_id=calculate_exchange_rate_change_batch permission to 509
[2024-08-27T16:18:00.934+0000] {logging_mixin.py:149} INFO - Failed to change /opt/***/logs/dag_id=currency_exchange_dag_part_b/run_id=scheduled__2024-08-27T16:17:00+00:00/task_id=calculate_exchange_rate_change_batch permission to 509: [Errno 1] Operation not permitted: '/opt/***/logs/dag_id=currency_exchange_dag_part_b/run_id=scheduled__2024-08-27T16:17:00+00:00/task_id=calculate_exchange_rate_change_batch'
[2024-08-27T16:18:00.956+0000] {taskinstance.py:1103} INFO - Dependencies all met for dep_context=non-requeueable deps ti=<TaskInstance: currency_exchange_dag_part_b.calculate_exchange_rate_change_batch scheduled__2024-08-27T16:17:00+00:00 [queued]>
[2024-08-27T16:18:00.963+0000] {taskinstance.py:1103} INFO - Dependencies all met for dep_context=requeueable deps ti=<TaskInstance: currency_exchange_dag_part_b.calculate_exchange_rate_change_batch scheduled__2024-08-27T16:17:00+00:00 [queued]>
[2024-08-27T16:18:00.964+0000] {taskinstance.py:1308} INFO - Starting attempt 1 of 2
[2024-08-27T16:18:00.976+0000] {taskinstance.py:1327} INFO - Executing <Task(PythonOperator): calculate_exchange_rate_change_batch> on 2024-08-27 16:17:00+00:00
[2024-08-27T16:18:00.981+0000] {standard_task_runner.py:57} INFO - Started process 330 to run task
[2024-08-27T16:18:00.983+0000] {standard_task_runner.py:84} INFO - Running: ['***', 'tasks', 'run', 'currency_exchange_dag_part_b', 'calculate_exchange_rate_change_batch', 'scheduled__2024-08-27T16:17:00+00:00', '--job-id', '135', '--raw', '--subdir', 'DAGS_FOLDER/currency_exchange_dag_part_b.py', '--cfg-path', '/tmp/tmpk44ec4m3']
[2024-08-27T16:18:00.984+0000] {standard_task_runner.py:85} INFO - Job 135: Subtask calculate_exchange_rate_change_batch
[2024-08-27T16:18:00.995+0000] {warnings.py:110} WARNING - /home/***/.local/lib/python3.7/site-packages/***/settings.py:195: DeprecationWarning: The sql_alchemy_conn option in [core] has been moved to the sql_alchemy_conn option in [database] - the old setting has been used, but please update your config.
  SQL_ALCHEMY_CONN = conf.get("database", "SQL_ALCHEMY_CONN")

[2024-08-27T16:18:01.024+0000] {logging_mixin.py:149} INFO - Changing /opt/***/logs/dag_id=currency_exchange_dag_part_b/run_id=scheduled__2024-08-27T16:17:00+00:00/task_id=calculate_exchange_rate_change_batch permission to 509
[2024-08-27T16:18:01.025+0000] {logging_mixin.py:149} INFO - Failed to change /opt/***/logs/dag_id=currency_exchange_dag_part_b/run_id=scheduled__2024-08-27T16:17:00+00:00/task_id=calculate_exchange_rate_change_batch permission to 509: [Errno 1] Operation not permitted: '/opt/***/logs/dag_id=currency_exchange_dag_part_b/run_id=scheduled__2024-08-27T16:17:00+00:00/task_id=calculate_exchange_rate_change_batch'
[2024-08-27T16:18:01.028+0000] {task_command.py:410} INFO - Running <TaskInstance: currency_exchange_dag_part_b.calculate_exchange_rate_change_batch scheduled__2024-08-27T16:17:00+00:00 [running]> on host d374469d5083
[2024-08-27T16:18:01.036+0000] {warnings.py:110} WARNING - /home/***/.local/lib/python3.7/site-packages/***/utils/sqlalchemy.py:124: DeprecationWarning: The sql_alchemy_conn option in [core] has been moved to the sql_alchemy_conn option in [database] - the old setting has been used, but please update your config.
  return not conf.get("database", "sql_alchemy_conn").startswith("mssql")

[2024-08-27T16:18:01.092+0000] {taskinstance.py:1547} INFO - Exporting env vars: AIRFLOW_CTX_DAG_OWNER='***' AIRFLOW_CTX_DAG_ID='currency_exchange_dag_part_b' AIRFLOW_CTX_TASK_ID='calculate_exchange_rate_change_batch' AIRFLOW_CTX_EXECUTION_DATE='2024-08-27T16:17:00+00:00' AIRFLOW_CTX_TRY_NUMBER='1' AIRFLOW_CTX_DAG_RUN_ID='scheduled__2024-08-27T16:17:00+00:00'
[2024-08-27T16:18:01.099+0000] {python.py:183} INFO - Done. Returned value was: None
[2024-08-27T16:18:01.107+0000] {taskinstance.py:1350} INFO - Marking task as SUCCESS. dag_id=currency_exchange_dag_part_b, task_id=calculate_exchange_rate_change_batch, execution_date=20240827T161700, start_date=20240827T161800, end_date=20240827T161801
[2024-08-27T16:18:01.156+0000] {local_task_job_runner.py:225} INFO - Task exited with return code 0
[2024-08-27T16:18:01.177+0000] {taskinstance.py:2653} INFO - 0 downstream tasks scheduled from follow-on schedule check
