[2024-08-27T13:43:19.170+0000] {logging_mixin.py:149} INFO - Changing /opt/***/logs/dag_id=currency_exchange_dag/run_id=manual__2024-08-27T13:43:17.768435+00:00/task_id=calculate_exchange_rate_change permission to 509
[2024-08-27T13:43:19.171+0000] {logging_mixin.py:149} INFO - Failed to change /opt/***/logs/dag_id=currency_exchange_dag/run_id=manual__2024-08-27T13:43:17.768435+00:00/task_id=calculate_exchange_rate_change permission to 509: [Errno 1] Operation not permitted: '/opt/***/logs/dag_id=currency_exchange_dag/run_id=manual__2024-08-27T13:43:17.768435+00:00/task_id=calculate_exchange_rate_change'
[2024-08-27T13:43:19.198+0000] {logging_mixin.py:149} INFO - Changing /opt/***/logs/dag_id=currency_exchange_dag/run_id=manual__2024-08-27T13:43:17.768435+00:00/task_id=calculate_exchange_rate_change permission to 509
[2024-08-27T13:43:19.198+0000] {logging_mixin.py:149} INFO - Failed to change /opt/***/logs/dag_id=currency_exchange_dag/run_id=manual__2024-08-27T13:43:17.768435+00:00/task_id=calculate_exchange_rate_change permission to 509: [Errno 1] Operation not permitted: '/opt/***/logs/dag_id=currency_exchange_dag/run_id=manual__2024-08-27T13:43:17.768435+00:00/task_id=calculate_exchange_rate_change'
[2024-08-27T13:43:19.231+0000] {taskinstance.py:1103} INFO - Dependencies all met for dep_context=non-requeueable deps ti=<TaskInstance: currency_exchange_dag.calculate_exchange_rate_change manual__2024-08-27T13:43:17.768435+00:00 [queued]>
[2024-08-27T13:43:19.240+0000] {taskinstance.py:1103} INFO - Dependencies all met for dep_context=requeueable deps ti=<TaskInstance: currency_exchange_dag.calculate_exchange_rate_change manual__2024-08-27T13:43:17.768435+00:00 [queued]>
[2024-08-27T13:43:19.241+0000] {taskinstance.py:1308} INFO - Starting attempt 1 of 2
[2024-08-27T13:43:19.258+0000] {taskinstance.py:1327} INFO - Executing <Task(PythonOperator): calculate_exchange_rate_change> on 2024-08-27 13:43:17.768435+00:00
[2024-08-27T13:43:19.265+0000] {standard_task_runner.py:57} INFO - Started process 66 to run task
[2024-08-27T13:43:19.270+0000] {standard_task_runner.py:84} INFO - Running: ['***', 'tasks', 'run', 'currency_exchange_dag', 'calculate_exchange_rate_change', 'manual__2024-08-27T13:43:17.768435+00:00', '--job-id', '4', '--raw', '--subdir', 'DAGS_FOLDER/exchange_rate_dag.py', '--cfg-path', '/tmp/tmpgmxbg0jy']
[2024-08-27T13:43:19.271+0000] {standard_task_runner.py:85} INFO - Job 4: Subtask calculate_exchange_rate_change
[2024-08-27T13:43:19.289+0000] {warnings.py:110} WARNING - /home/***/.local/lib/python3.7/site-packages/***/settings.py:195: DeprecationWarning: The sql_alchemy_conn option in [core] has been moved to the sql_alchemy_conn option in [database] - the old setting has been used, but please update your config.
  SQL_ALCHEMY_CONN = conf.get("database", "SQL_ALCHEMY_CONN")

[2024-08-27T13:43:19.327+0000] {logging_mixin.py:149} INFO - Changing /opt/***/logs/dag_id=currency_exchange_dag/run_id=manual__2024-08-27T13:43:17.768435+00:00/task_id=calculate_exchange_rate_change permission to 509
[2024-08-27T13:43:19.327+0000] {logging_mixin.py:149} INFO - Failed to change /opt/***/logs/dag_id=currency_exchange_dag/run_id=manual__2024-08-27T13:43:17.768435+00:00/task_id=calculate_exchange_rate_change permission to 509: [Errno 1] Operation not permitted: '/opt/***/logs/dag_id=currency_exchange_dag/run_id=manual__2024-08-27T13:43:17.768435+00:00/task_id=calculate_exchange_rate_change'
[2024-08-27T13:43:19.329+0000] {task_command.py:410} INFO - Running <TaskInstance: currency_exchange_dag.calculate_exchange_rate_change manual__2024-08-27T13:43:17.768435+00:00 [running]> on host d374469d5083
[2024-08-27T13:43:19.415+0000] {taskinstance.py:1547} INFO - Exporting env vars: AIRFLOW_CTX_DAG_OWNER='***' AIRFLOW_CTX_DAG_ID='currency_exchange_dag' AIRFLOW_CTX_TASK_ID='calculate_exchange_rate_change' AIRFLOW_CTX_EXECUTION_DATE='2024-08-27T13:43:17.768435+00:00' AIRFLOW_CTX_TRY_NUMBER='1' AIRFLOW_CTX_DAG_RUN_ID='manual__2024-08-27T13:43:17.768435+00:00'
[2024-08-27T13:43:19.419+0000] {python.py:183} INFO - Done. Returned value was: None
[2024-08-27T13:43:19.430+0000] {taskinstance.py:1350} INFO - Marking task as SUCCESS. dag_id=currency_exchange_dag, task_id=calculate_exchange_rate_change, execution_date=20240827T134317, start_date=20240827T134319, end_date=20240827T134319
[2024-08-27T13:43:19.482+0000] {local_task_job_runner.py:225} INFO - Task exited with return code 0
[2024-08-27T13:43:19.506+0000] {taskinstance.py:2653} INFO - 0 downstream tasks scheduled from follow-on schedule check
