[2024-08-26T18:34:03.699+0000] {logging_mixin.py:149} INFO - Changing /opt/***/logs/dag_id=currency_exchange_dag/run_id=manual__2024-08-26T18:34:02.096357+00:00/task_id=calculate_exchange_rate_change permission to 509
[2024-08-26T18:34:03.699+0000] {logging_mixin.py:149} INFO - Failed to change /opt/***/logs/dag_id=currency_exchange_dag/run_id=manual__2024-08-26T18:34:02.096357+00:00/task_id=calculate_exchange_rate_change permission to 509: [Errno 1] Operation not permitted: '/opt/***/logs/dag_id=currency_exchange_dag/run_id=manual__2024-08-26T18:34:02.096357+00:00/task_id=calculate_exchange_rate_change'
[2024-08-26T18:34:03.724+0000] {logging_mixin.py:149} INFO - Changing /opt/***/logs/dag_id=currency_exchange_dag/run_id=manual__2024-08-26T18:34:02.096357+00:00/task_id=calculate_exchange_rate_change permission to 509
[2024-08-26T18:34:03.725+0000] {logging_mixin.py:149} INFO - Failed to change /opt/***/logs/dag_id=currency_exchange_dag/run_id=manual__2024-08-26T18:34:02.096357+00:00/task_id=calculate_exchange_rate_change permission to 509: [Errno 1] Operation not permitted: '/opt/***/logs/dag_id=currency_exchange_dag/run_id=manual__2024-08-26T18:34:02.096357+00:00/task_id=calculate_exchange_rate_change'
[2024-08-26T18:34:03.752+0000] {taskinstance.py:1103} INFO - Dependencies all met for dep_context=non-requeueable deps ti=<TaskInstance: currency_exchange_dag.calculate_exchange_rate_change manual__2024-08-26T18:34:02.096357+00:00 [queued]>
[2024-08-26T18:34:03.760+0000] {taskinstance.py:1103} INFO - Dependencies all met for dep_context=requeueable deps ti=<TaskInstance: currency_exchange_dag.calculate_exchange_rate_change manual__2024-08-26T18:34:02.096357+00:00 [queued]>
[2024-08-26T18:34:03.760+0000] {taskinstance.py:1308} INFO - Starting attempt 1 of 2
[2024-08-26T18:34:03.772+0000] {taskinstance.py:1327} INFO - Executing <Task(PythonOperator): calculate_exchange_rate_change> on 2024-08-26 18:34:02.096357+00:00
[2024-08-26T18:34:03.776+0000] {standard_task_runner.py:57} INFO - Started process 220 to run task
[2024-08-26T18:34:03.778+0000] {standard_task_runner.py:84} INFO - Running: ['***', 'tasks', 'run', 'currency_exchange_dag', 'calculate_exchange_rate_change', 'manual__2024-08-26T18:34:02.096357+00:00', '--job-id', '4', '--raw', '--subdir', 'DAGS_FOLDER/exchange_rate_dag.py', '--cfg-path', '/tmp/tmpryokz14j']
[2024-08-26T18:34:03.780+0000] {standard_task_runner.py:85} INFO - Job 4: Subtask calculate_exchange_rate_change
[2024-08-26T18:34:03.791+0000] {logging_mixin.py:149} WARNING - /home/***/.local/lib/python3.7/site-packages/***/settings.py:195 DeprecationWarning: The sql_alchemy_conn option in [core] has been moved to the sql_alchemy_conn option in [database] - the old setting has been used, but please update your config.
[2024-08-26T18:34:03.820+0000] {logging_mixin.py:149} INFO - Changing /opt/***/logs/dag_id=currency_exchange_dag/run_id=manual__2024-08-26T18:34:02.096357+00:00/task_id=calculate_exchange_rate_change permission to 509
[2024-08-26T18:34:03.820+0000] {logging_mixin.py:149} INFO - Failed to change /opt/***/logs/dag_id=currency_exchange_dag/run_id=manual__2024-08-26T18:34:02.096357+00:00/task_id=calculate_exchange_rate_change permission to 509: [Errno 1] Operation not permitted: '/opt/***/logs/dag_id=currency_exchange_dag/run_id=manual__2024-08-26T18:34:02.096357+00:00/task_id=calculate_exchange_rate_change'
[2024-08-26T18:34:03.823+0000] {task_command.py:410} INFO - Running <TaskInstance: currency_exchange_dag.calculate_exchange_rate_change manual__2024-08-26T18:34:02.096357+00:00 [running]> on host 5f8e3ab10fa1
[2024-08-26T18:34:03.907+0000] {taskinstance.py:1547} INFO - Exporting env vars: AIRFLOW_CTX_DAG_OWNER='***' AIRFLOW_CTX_DAG_ID='currency_exchange_dag' AIRFLOW_CTX_TASK_ID='calculate_exchange_rate_change' AIRFLOW_CTX_EXECUTION_DATE='2024-08-26T18:34:02.096357+00:00' AIRFLOW_CTX_TRY_NUMBER='1' AIRFLOW_CTX_DAG_RUN_ID='manual__2024-08-26T18:34:02.096357+00:00'
[2024-08-26T18:34:03.916+0000] {python.py:183} INFO - Done. Returned value was: None
[2024-08-26T18:34:03.924+0000] {taskinstance.py:1350} INFO - Marking task as SUCCESS. dag_id=currency_exchange_dag, task_id=calculate_exchange_rate_change, execution_date=20240826T183402, start_date=20240826T183403, end_date=20240826T183403
[2024-08-26T18:34:03.952+0000] {local_task_job_runner.py:225} INFO - Task exited with return code 0
[2024-08-26T18:34:03.967+0000] {taskinstance.py:2653} INFO - 0 downstream tasks scheduled from follow-on schedule check
