[2024-08-27T18:22:01.458+0000] {logging_mixin.py:149} WARNING - /home/***/.local/lib/python3.7/site-packages/***/utils/sqlalchemy.py:124 DeprecationWarning: The sql_alchemy_conn option in [core] has been moved to the sql_alchemy_conn option in [database] - the old setting has been used, but please update your config.
[2024-08-27T18:22:01.465+0000] {logging_mixin.py:149} INFO - Changing /opt/***/logs/dag_id=part_b_currency_exchange_dag/run_id=scheduled__2024-08-27T18:21:00+00:00/task_id=calculate_exchange_rate_change_part_b permission to 509
[2024-08-27T18:22:01.466+0000] {logging_mixin.py:149} INFO - Failed to change /opt/***/logs/dag_id=part_b_currency_exchange_dag/run_id=scheduled__2024-08-27T18:21:00+00:00/task_id=calculate_exchange_rate_change_part_b permission to 509: [Errno 1] Operation not permitted: '/opt/***/logs/dag_id=part_b_currency_exchange_dag/run_id=scheduled__2024-08-27T18:21:00+00:00/task_id=calculate_exchange_rate_change_part_b'
[2024-08-27T18:22:01.495+0000] {logging_mixin.py:149} INFO - Changing /opt/***/logs/dag_id=part_b_currency_exchange_dag/run_id=scheduled__2024-08-27T18:21:00+00:00/task_id=calculate_exchange_rate_change_part_b permission to 509
[2024-08-27T18:22:01.496+0000] {logging_mixin.py:149} INFO - Failed to change /opt/***/logs/dag_id=part_b_currency_exchange_dag/run_id=scheduled__2024-08-27T18:21:00+00:00/task_id=calculate_exchange_rate_change_part_b permission to 509: [Errno 1] Operation not permitted: '/opt/***/logs/dag_id=part_b_currency_exchange_dag/run_id=scheduled__2024-08-27T18:21:00+00:00/task_id=calculate_exchange_rate_change_part_b'
[2024-08-27T18:22:01.540+0000] {taskinstance.py:1103} INFO - Dependencies all met for dep_context=non-requeueable deps ti=<TaskInstance: part_b_currency_exchange_dag.calculate_exchange_rate_change_part_b scheduled__2024-08-27T18:21:00+00:00 [queued]>
[2024-08-27T18:22:01.550+0000] {taskinstance.py:1103} INFO - Dependencies all met for dep_context=requeueable deps ti=<TaskInstance: part_b_currency_exchange_dag.calculate_exchange_rate_change_part_b scheduled__2024-08-27T18:21:00+00:00 [queued]>
[2024-08-27T18:22:01.551+0000] {taskinstance.py:1308} INFO - Starting attempt 1 of 2
[2024-08-27T18:22:01.566+0000] {taskinstance.py:1327} INFO - Executing <Task(PythonOperator): calculate_exchange_rate_change_part_b> on 2024-08-27 18:21:00+00:00
[2024-08-27T18:22:01.570+0000] {standard_task_runner.py:57} INFO - Started process 286 to run task
[2024-08-27T18:22:01.572+0000] {standard_task_runner.py:84} INFO - Running: ['***', 'tasks', 'run', 'part_b_currency_exchange_dag', 'calculate_exchange_rate_change_part_b', 'scheduled__2024-08-27T18:21:00+00:00', '--job-id', '9', '--raw', '--subdir', 'DAGS_FOLDER/currency_exchange_dag_part_b.py', '--cfg-path', '/tmp/tmpva9uumv7']
[2024-08-27T18:22:01.574+0000] {standard_task_runner.py:85} INFO - Job 9: Subtask calculate_exchange_rate_change_part_b
[2024-08-27T18:22:01.589+0000] {logging_mixin.py:149} WARNING - /home/***/.local/lib/python3.7/site-packages/***/settings.py:195 DeprecationWarning: The sql_alchemy_conn option in [core] has been moved to the sql_alchemy_conn option in [database] - the old setting has been used, but please update your config.
[2024-08-27T18:22:01.711+0000] {logging_mixin.py:149} INFO - Changing /opt/***/logs/dag_id=part_b_currency_exchange_dag/run_id=scheduled__2024-08-27T18:21:00+00:00/task_id=calculate_exchange_rate_change_part_b permission to 509
[2024-08-27T18:22:01.728+0000] {logging_mixin.py:149} INFO - Failed to change /opt/***/logs/dag_id=part_b_currency_exchange_dag/run_id=scheduled__2024-08-27T18:21:00+00:00/task_id=calculate_exchange_rate_change_part_b permission to 509: [Errno 1] Operation not permitted: '/opt/***/logs/dag_id=part_b_currency_exchange_dag/run_id=scheduled__2024-08-27T18:21:00+00:00/task_id=calculate_exchange_rate_change_part_b'
[2024-08-27T18:22:01.747+0000] {task_command.py:410} INFO - Running <TaskInstance: part_b_currency_exchange_dag.calculate_exchange_rate_change_part_b scheduled__2024-08-27T18:21:00+00:00 [running]> on host 08c83ac7a73b
[2024-08-27T18:22:01.767+0000] {logging_mixin.py:149} WARNING - /home/***/.local/lib/python3.7/site-packages/***/utils/sqlalchemy.py:124 DeprecationWarning: The sql_alchemy_conn option in [core] has been moved to the sql_alchemy_conn option in [database] - the old setting has been used, but please update your config.
[2024-08-27T18:22:01.888+0000] {taskinstance.py:1547} INFO - Exporting env vars: AIRFLOW_CTX_DAG_OWNER='***' AIRFLOW_CTX_DAG_ID='part_b_currency_exchange_dag' AIRFLOW_CTX_TASK_ID='calculate_exchange_rate_change_part_b' AIRFLOW_CTX_EXECUTION_DATE='2024-08-27T18:21:00+00:00' AIRFLOW_CTX_TRY_NUMBER='1' AIRFLOW_CTX_DAG_RUN_ID='scheduled__2024-08-27T18:21:00+00:00'
[2024-08-27T18:22:01.913+0000] {python.py:183} INFO - Done. Returned value was: None
[2024-08-27T18:22:01.927+0000] {taskinstance.py:1350} INFO - Marking task as SUCCESS. dag_id=part_b_currency_exchange_dag, task_id=calculate_exchange_rate_change_part_b, execution_date=20240827T182100, start_date=20240827T182201, end_date=20240827T182201
[2024-08-27T18:22:01.987+0000] {local_task_job_runner.py:225} INFO - Task exited with return code 0
[2024-08-27T18:22:02.017+0000] {taskinstance.py:2653} INFO - 0 downstream tasks scheduled from follow-on schedule check
