[2024-08-27T18:27:00.920+0000] {logging_mixin.py:149} WARNING - /home/***/.local/lib/python3.7/site-packages/***/utils/sqlalchemy.py:124 DeprecationWarning: The sql_alchemy_conn option in [core] has been moved to the sql_alchemy_conn option in [database] - the old setting has been used, but please update your config.
[2024-08-27T18:27:00.927+0000] {logging_mixin.py:149} INFO - Changing /opt/***/logs/dag_id=part_b_currency_exchange_dag/run_id=scheduled__2024-08-27T18:26:00+00:00/task_id=calculate_exchange_rate_change_part_b permission to 509
[2024-08-27T18:27:00.928+0000] {logging_mixin.py:149} INFO - Failed to change /opt/***/logs/dag_id=part_b_currency_exchange_dag/run_id=scheduled__2024-08-27T18:26:00+00:00/task_id=calculate_exchange_rate_change_part_b permission to 509: [Errno 1] Operation not permitted: '/opt/***/logs/dag_id=part_b_currency_exchange_dag/run_id=scheduled__2024-08-27T18:26:00+00:00/task_id=calculate_exchange_rate_change_part_b'
[2024-08-27T18:27:00.959+0000] {logging_mixin.py:149} INFO - Changing /opt/***/logs/dag_id=part_b_currency_exchange_dag/run_id=scheduled__2024-08-27T18:26:00+00:00/task_id=calculate_exchange_rate_change_part_b permission to 509
[2024-08-27T18:27:00.960+0000] {logging_mixin.py:149} INFO - Failed to change /opt/***/logs/dag_id=part_b_currency_exchange_dag/run_id=scheduled__2024-08-27T18:26:00+00:00/task_id=calculate_exchange_rate_change_part_b permission to 509: [Errno 1] Operation not permitted: '/opt/***/logs/dag_id=part_b_currency_exchange_dag/run_id=scheduled__2024-08-27T18:26:00+00:00/task_id=calculate_exchange_rate_change_part_b'
[2024-08-27T18:27:00.994+0000] {taskinstance.py:1103} INFO - Dependencies all met for dep_context=non-requeueable deps ti=<TaskInstance: part_b_currency_exchange_dag.calculate_exchange_rate_change_part_b scheduled__2024-08-27T18:26:00+00:00 [queued]>
[2024-08-27T18:27:01.005+0000] {taskinstance.py:1103} INFO - Dependencies all met for dep_context=requeueable deps ti=<TaskInstance: part_b_currency_exchange_dag.calculate_exchange_rate_change_part_b scheduled__2024-08-27T18:26:00+00:00 [queued]>
[2024-08-27T18:27:01.006+0000] {taskinstance.py:1308} INFO - Starting attempt 1 of 2
[2024-08-27T18:27:01.024+0000] {taskinstance.py:1327} INFO - Executing <Task(PythonOperator): calculate_exchange_rate_change_part_b> on 2024-08-27 18:26:00+00:00
[2024-08-27T18:27:01.029+0000] {standard_task_runner.py:57} INFO - Started process 386 to run task
[2024-08-27T18:27:01.031+0000] {standard_task_runner.py:84} INFO - Running: ['***', 'tasks', 'run', 'part_b_currency_exchange_dag', 'calculate_exchange_rate_change_part_b', 'scheduled__2024-08-27T18:26:00+00:00', '--job-id', '14', '--raw', '--subdir', 'DAGS_FOLDER/currency_exchange_dag_part_b.py', '--cfg-path', '/tmp/tmpojnrev5n']
[2024-08-27T18:27:01.033+0000] {standard_task_runner.py:85} INFO - Job 14: Subtask calculate_exchange_rate_change_part_b
[2024-08-27T18:27:01.049+0000] {logging_mixin.py:149} WARNING - /home/***/.local/lib/python3.7/site-packages/***/settings.py:195 DeprecationWarning: The sql_alchemy_conn option in [core] has been moved to the sql_alchemy_conn option in [database] - the old setting has been used, but please update your config.
[2024-08-27T18:27:01.086+0000] {logging_mixin.py:149} INFO - Changing /opt/***/logs/dag_id=part_b_currency_exchange_dag/run_id=scheduled__2024-08-27T18:26:00+00:00/task_id=calculate_exchange_rate_change_part_b permission to 509
[2024-08-27T18:27:01.087+0000] {logging_mixin.py:149} INFO - Failed to change /opt/***/logs/dag_id=part_b_currency_exchange_dag/run_id=scheduled__2024-08-27T18:26:00+00:00/task_id=calculate_exchange_rate_change_part_b permission to 509: [Errno 1] Operation not permitted: '/opt/***/logs/dag_id=part_b_currency_exchange_dag/run_id=scheduled__2024-08-27T18:26:00+00:00/task_id=calculate_exchange_rate_change_part_b'
[2024-08-27T18:27:01.089+0000] {task_command.py:410} INFO - Running <TaskInstance: part_b_currency_exchange_dag.calculate_exchange_rate_change_part_b scheduled__2024-08-27T18:26:00+00:00 [running]> on host 08c83ac7a73b
[2024-08-27T18:27:01.103+0000] {logging_mixin.py:149} WARNING - /home/***/.local/lib/python3.7/site-packages/***/utils/sqlalchemy.py:124 DeprecationWarning: The sql_alchemy_conn option in [core] has been moved to the sql_alchemy_conn option in [database] - the old setting has been used, but please update your config.
[2024-08-27T18:27:01.190+0000] {taskinstance.py:1547} INFO - Exporting env vars: AIRFLOW_CTX_DAG_OWNER='***' AIRFLOW_CTX_DAG_ID='part_b_currency_exchange_dag' AIRFLOW_CTX_TASK_ID='calculate_exchange_rate_change_part_b' AIRFLOW_CTX_EXECUTION_DATE='2024-08-27T18:26:00+00:00' AIRFLOW_CTX_TRY_NUMBER='1' AIRFLOW_CTX_DAG_RUN_ID='scheduled__2024-08-27T18:26:00+00:00'
[2024-08-27T18:27:01.197+0000] {python.py:183} INFO - Done. Returned value was: None
[2024-08-27T18:27:01.206+0000] {taskinstance.py:1350} INFO - Marking task as SUCCESS. dag_id=part_b_currency_exchange_dag, task_id=calculate_exchange_rate_change_part_b, execution_date=20240827T182600, start_date=20240827T182700, end_date=20240827T182701
[2024-08-27T18:27:01.247+0000] {local_task_job_runner.py:225} INFO - Task exited with return code 0
[2024-08-27T18:27:01.265+0000] {taskinstance.py:2653} INFO - 0 downstream tasks scheduled from follow-on schedule check
