[2024-08-27T16:26:00.596+0000] {warnings.py:110} WARNING - /home/***/.local/lib/python3.7/site-packages/***/utils/sqlalchemy.py:124: DeprecationWarning: The sql_alchemy_conn option in [core] has been moved to the sql_alchemy_conn option in [database] - the old setting has been used, but please update your config.
  return not conf.get("database", "sql_alchemy_conn").startswith("mssql")

[2024-08-27T16:26:00.602+0000] {logging_mixin.py:149} INFO - Changing /opt/***/logs/dag_id=currency_exchange_dag_part_b/run_id=scheduled__2024-08-27T16:25:00+00:00/task_id=calculate_exchange_rate_change_batch permission to 509
[2024-08-27T16:26:00.605+0000] {logging_mixin.py:149} INFO - Failed to change /opt/***/logs/dag_id=currency_exchange_dag_part_b/run_id=scheduled__2024-08-27T16:25:00+00:00/task_id=calculate_exchange_rate_change_batch permission to 509: [Errno 1] Operation not permitted: '/opt/***/logs/dag_id=currency_exchange_dag_part_b/run_id=scheduled__2024-08-27T16:25:00+00:00/task_id=calculate_exchange_rate_change_batch'
[2024-08-27T16:26:00.633+0000] {logging_mixin.py:149} INFO - Changing /opt/***/logs/dag_id=currency_exchange_dag_part_b/run_id=scheduled__2024-08-27T16:25:00+00:00/task_id=calculate_exchange_rate_change_batch permission to 509
[2024-08-27T16:26:00.635+0000] {logging_mixin.py:149} INFO - Failed to change /opt/***/logs/dag_id=currency_exchange_dag_part_b/run_id=scheduled__2024-08-27T16:25:00+00:00/task_id=calculate_exchange_rate_change_batch permission to 509: [Errno 1] Operation not permitted: '/opt/***/logs/dag_id=currency_exchange_dag_part_b/run_id=scheduled__2024-08-27T16:25:00+00:00/task_id=calculate_exchange_rate_change_batch'
[2024-08-27T16:26:00.658+0000] {taskinstance.py:1103} INFO - Dependencies all met for dep_context=non-requeueable deps ti=<TaskInstance: currency_exchange_dag_part_b.calculate_exchange_rate_change_batch scheduled__2024-08-27T16:25:00+00:00 [queued]>
[2024-08-27T16:26:00.666+0000] {taskinstance.py:1103} INFO - Dependencies all met for dep_context=requeueable deps ti=<TaskInstance: currency_exchange_dag_part_b.calculate_exchange_rate_change_batch scheduled__2024-08-27T16:25:00+00:00 [queued]>
[2024-08-27T16:26:00.667+0000] {taskinstance.py:1308} INFO - Starting attempt 1 of 2
[2024-08-27T16:26:00.681+0000] {taskinstance.py:1327} INFO - Executing <Task(PythonOperator): calculate_exchange_rate_change_batch> on 2024-08-27 16:25:00+00:00
[2024-08-27T16:26:00.685+0000] {standard_task_runner.py:57} INFO - Started process 346 to run task
[2024-08-27T16:26:00.687+0000] {standard_task_runner.py:84} INFO - Running: ['***', 'tasks', 'run', 'currency_exchange_dag_part_b', 'calculate_exchange_rate_change_batch', 'scheduled__2024-08-27T16:25:00+00:00', '--job-id', '143', '--raw', '--subdir', 'DAGS_FOLDER/currency_exchange_dag_part_b.py', '--cfg-path', '/tmp/tmparb9yq3o']
[2024-08-27T16:26:00.688+0000] {standard_task_runner.py:85} INFO - Job 143: Subtask calculate_exchange_rate_change_batch
[2024-08-27T16:26:00.699+0000] {warnings.py:110} WARNING - /home/***/.local/lib/python3.7/site-packages/***/settings.py:195: DeprecationWarning: The sql_alchemy_conn option in [core] has been moved to the sql_alchemy_conn option in [database] - the old setting has been used, but please update your config.
  SQL_ALCHEMY_CONN = conf.get("database", "SQL_ALCHEMY_CONN")

[2024-08-27T16:26:00.727+0000] {logging_mixin.py:149} INFO - Changing /opt/***/logs/dag_id=currency_exchange_dag_part_b/run_id=scheduled__2024-08-27T16:25:00+00:00/task_id=calculate_exchange_rate_change_batch permission to 509
[2024-08-27T16:26:00.728+0000] {logging_mixin.py:149} INFO - Failed to change /opt/***/logs/dag_id=currency_exchange_dag_part_b/run_id=scheduled__2024-08-27T16:25:00+00:00/task_id=calculate_exchange_rate_change_batch permission to 509: [Errno 1] Operation not permitted: '/opt/***/logs/dag_id=currency_exchange_dag_part_b/run_id=scheduled__2024-08-27T16:25:00+00:00/task_id=calculate_exchange_rate_change_batch'
[2024-08-27T16:26:00.732+0000] {task_command.py:410} INFO - Running <TaskInstance: currency_exchange_dag_part_b.calculate_exchange_rate_change_batch scheduled__2024-08-27T16:25:00+00:00 [running]> on host d374469d5083
[2024-08-27T16:26:00.743+0000] {warnings.py:110} WARNING - /home/***/.local/lib/python3.7/site-packages/***/utils/sqlalchemy.py:124: DeprecationWarning: The sql_alchemy_conn option in [core] has been moved to the sql_alchemy_conn option in [database] - the old setting has been used, but please update your config.
  return not conf.get("database", "sql_alchemy_conn").startswith("mssql")

[2024-08-27T16:26:00.814+0000] {taskinstance.py:1547} INFO - Exporting env vars: AIRFLOW_CTX_DAG_OWNER='***' AIRFLOW_CTX_DAG_ID='currency_exchange_dag_part_b' AIRFLOW_CTX_TASK_ID='calculate_exchange_rate_change_batch' AIRFLOW_CTX_EXECUTION_DATE='2024-08-27T16:25:00+00:00' AIRFLOW_CTX_TRY_NUMBER='1' AIRFLOW_CTX_DAG_RUN_ID='scheduled__2024-08-27T16:25:00+00:00'
[2024-08-27T16:26:00.821+0000] {python.py:183} INFO - Done. Returned value was: None
[2024-08-27T16:26:00.834+0000] {taskinstance.py:1350} INFO - Marking task as SUCCESS. dag_id=currency_exchange_dag_part_b, task_id=calculate_exchange_rate_change_batch, execution_date=20240827T162500, start_date=20240827T162600, end_date=20240827T162600
[2024-08-27T16:26:00.860+0000] {local_task_job_runner.py:225} INFO - Task exited with return code 0
[2024-08-27T16:26:00.874+0000] {taskinstance.py:2653} INFO - 0 downstream tasks scheduled from follow-on schedule check
