[2024-08-27T18:29:01.482+0000] {logging_mixin.py:149} WARNING - /home/***/.local/lib/python3.7/site-packages/***/utils/sqlalchemy.py:124 DeprecationWarning: The sql_alchemy_conn option in [core] has been moved to the sql_alchemy_conn option in [database] - the old setting has been used, but please update your config.
[2024-08-27T18:29:01.487+0000] {logging_mixin.py:149} INFO - Changing /opt/***/logs/dag_id=part_b_currency_exchange_dag/run_id=scheduled__2024-08-27T18:28:00+00:00/task_id=calculate_exchange_rate_change_part_b permission to 509
[2024-08-27T18:29:01.488+0000] {logging_mixin.py:149} INFO - Failed to change /opt/***/logs/dag_id=part_b_currency_exchange_dag/run_id=scheduled__2024-08-27T18:28:00+00:00/task_id=calculate_exchange_rate_change_part_b permission to 509: [Errno 1] Operation not permitted: '/opt/***/logs/dag_id=part_b_currency_exchange_dag/run_id=scheduled__2024-08-27T18:28:00+00:00/task_id=calculate_exchange_rate_change_part_b'
[2024-08-27T18:29:01.522+0000] {logging_mixin.py:149} INFO - Changing /opt/***/logs/dag_id=part_b_currency_exchange_dag/run_id=scheduled__2024-08-27T18:28:00+00:00/task_id=calculate_exchange_rate_change_part_b permission to 509
[2024-08-27T18:29:01.523+0000] {logging_mixin.py:149} INFO - Failed to change /opt/***/logs/dag_id=part_b_currency_exchange_dag/run_id=scheduled__2024-08-27T18:28:00+00:00/task_id=calculate_exchange_rate_change_part_b permission to 509: [Errno 1] Operation not permitted: '/opt/***/logs/dag_id=part_b_currency_exchange_dag/run_id=scheduled__2024-08-27T18:28:00+00:00/task_id=calculate_exchange_rate_change_part_b'
[2024-08-27T18:29:01.561+0000] {taskinstance.py:1103} INFO - Dependencies all met for dep_context=non-requeueable deps ti=<TaskInstance: part_b_currency_exchange_dag.calculate_exchange_rate_change_part_b scheduled__2024-08-27T18:28:00+00:00 [queued]>
[2024-08-27T18:29:01.570+0000] {taskinstance.py:1103} INFO - Dependencies all met for dep_context=requeueable deps ti=<TaskInstance: part_b_currency_exchange_dag.calculate_exchange_rate_change_part_b scheduled__2024-08-27T18:28:00+00:00 [queued]>
[2024-08-27T18:29:01.571+0000] {taskinstance.py:1308} INFO - Starting attempt 1 of 2
[2024-08-27T18:29:01.590+0000] {taskinstance.py:1327} INFO - Executing <Task(PythonOperator): calculate_exchange_rate_change_part_b> on 2024-08-27 18:28:00+00:00
[2024-08-27T18:29:01.595+0000] {standard_task_runner.py:57} INFO - Started process 430 to run task
[2024-08-27T18:29:01.599+0000] {standard_task_runner.py:84} INFO - Running: ['***', 'tasks', 'run', 'part_b_currency_exchange_dag', 'calculate_exchange_rate_change_part_b', 'scheduled__2024-08-27T18:28:00+00:00', '--job-id', '16', '--raw', '--subdir', 'DAGS_FOLDER/currency_exchange_dag_part_b.py', '--cfg-path', '/tmp/tmpf7r9c5i2']
[2024-08-27T18:29:01.665+0000] {standard_task_runner.py:85} INFO - Job 16: Subtask calculate_exchange_rate_change_part_b
[2024-08-27T18:29:01.711+0000] {logging_mixin.py:149} WARNING - /home/***/.local/lib/python3.7/site-packages/***/settings.py:195 DeprecationWarning: The sql_alchemy_conn option in [core] has been moved to the sql_alchemy_conn option in [database] - the old setting has been used, but please update your config.
[2024-08-27T18:29:01.759+0000] {logging_mixin.py:149} INFO - Changing /opt/***/logs/dag_id=part_b_currency_exchange_dag/run_id=scheduled__2024-08-27T18:28:00+00:00/task_id=calculate_exchange_rate_change_part_b permission to 509
[2024-08-27T18:29:01.760+0000] {logging_mixin.py:149} INFO - Failed to change /opt/***/logs/dag_id=part_b_currency_exchange_dag/run_id=scheduled__2024-08-27T18:28:00+00:00/task_id=calculate_exchange_rate_change_part_b permission to 509: [Errno 1] Operation not permitted: '/opt/***/logs/dag_id=part_b_currency_exchange_dag/run_id=scheduled__2024-08-27T18:28:00+00:00/task_id=calculate_exchange_rate_change_part_b'
[2024-08-27T18:29:01.763+0000] {task_command.py:410} INFO - Running <TaskInstance: part_b_currency_exchange_dag.calculate_exchange_rate_change_part_b scheduled__2024-08-27T18:28:00+00:00 [running]> on host 08c83ac7a73b
[2024-08-27T18:29:01.779+0000] {logging_mixin.py:149} WARNING - /home/***/.local/lib/python3.7/site-packages/***/utils/sqlalchemy.py:124 DeprecationWarning: The sql_alchemy_conn option in [core] has been moved to the sql_alchemy_conn option in [database] - the old setting has been used, but please update your config.
[2024-08-27T18:29:01.861+0000] {taskinstance.py:1547} INFO - Exporting env vars: AIRFLOW_CTX_DAG_OWNER='***' AIRFLOW_CTX_DAG_ID='part_b_currency_exchange_dag' AIRFLOW_CTX_TASK_ID='calculate_exchange_rate_change_part_b' AIRFLOW_CTX_EXECUTION_DATE='2024-08-27T18:28:00+00:00' AIRFLOW_CTX_TRY_NUMBER='1' AIRFLOW_CTX_DAG_RUN_ID='scheduled__2024-08-27T18:28:00+00:00'
[2024-08-27T18:29:01.867+0000] {python.py:183} INFO - Done. Returned value was: None
[2024-08-27T18:29:01.877+0000] {taskinstance.py:1350} INFO - Marking task as SUCCESS. dag_id=part_b_currency_exchange_dag, task_id=calculate_exchange_rate_change_part_b, execution_date=20240827T182800, start_date=20240827T182901, end_date=20240827T182901
[2024-08-27T18:29:01.896+0000] {local_task_job_runner.py:225} INFO - Task exited with return code 0
[2024-08-27T18:29:01.914+0000] {taskinstance.py:2653} INFO - 0 downstream tasks scheduled from follow-on schedule check
