[2024-08-27T15:40:01.183+0000] {warnings.py:110} WARNING - /home/***/.local/lib/python3.7/site-packages/***/utils/sqlalchemy.py:124: DeprecationWarning: The sql_alchemy_conn option in [core] has been moved to the sql_alchemy_conn option in [database] - the old setting has been used, but please update your config.
  return not conf.get("database", "sql_alchemy_conn").startswith("mssql")

[2024-08-27T15:40:01.188+0000] {logging_mixin.py:149} INFO - Changing /opt/***/logs/dag_id=currency_exchange_dag_part_b/run_id=scheduled__2024-08-27T15:39:00+00:00/task_id=calculate_exchange_rate_change_batch permission to 509
[2024-08-27T15:40:01.191+0000] {logging_mixin.py:149} INFO - Failed to change /opt/***/logs/dag_id=currency_exchange_dag_part_b/run_id=scheduled__2024-08-27T15:39:00+00:00/task_id=calculate_exchange_rate_change_batch permission to 509: [Errno 1] Operation not permitted: '/opt/***/logs/dag_id=currency_exchange_dag_part_b/run_id=scheduled__2024-08-27T15:39:00+00:00/task_id=calculate_exchange_rate_change_batch'
[2024-08-27T15:40:01.217+0000] {logging_mixin.py:149} INFO - Changing /opt/***/logs/dag_id=currency_exchange_dag_part_b/run_id=scheduled__2024-08-27T15:39:00+00:00/task_id=calculate_exchange_rate_change_batch permission to 509
[2024-08-27T15:40:01.218+0000] {logging_mixin.py:149} INFO - Failed to change /opt/***/logs/dag_id=currency_exchange_dag_part_b/run_id=scheduled__2024-08-27T15:39:00+00:00/task_id=calculate_exchange_rate_change_batch permission to 509: [Errno 1] Operation not permitted: '/opt/***/logs/dag_id=currency_exchange_dag_part_b/run_id=scheduled__2024-08-27T15:39:00+00:00/task_id=calculate_exchange_rate_change_batch'
[2024-08-27T15:40:01.241+0000] {taskinstance.py:1103} INFO - Dependencies all met for dep_context=non-requeueable deps ti=<TaskInstance: currency_exchange_dag_part_b.calculate_exchange_rate_change_batch scheduled__2024-08-27T15:39:00+00:00 [queued]>
[2024-08-27T15:40:01.248+0000] {taskinstance.py:1103} INFO - Dependencies all met for dep_context=requeueable deps ti=<TaskInstance: currency_exchange_dag_part_b.calculate_exchange_rate_change_batch scheduled__2024-08-27T15:39:00+00:00 [queued]>
[2024-08-27T15:40:01.249+0000] {taskinstance.py:1308} INFO - Starting attempt 1 of 2
[2024-08-27T15:40:01.262+0000] {taskinstance.py:1327} INFO - Executing <Task(PythonOperator): calculate_exchange_rate_change_batch> on 2024-08-27 15:39:00+00:00
[2024-08-27T15:40:01.267+0000] {standard_task_runner.py:57} INFO - Started process 252 to run task
[2024-08-27T15:40:01.269+0000] {standard_task_runner.py:84} INFO - Running: ['***', 'tasks', 'run', 'currency_exchange_dag_part_b', 'calculate_exchange_rate_change_batch', 'scheduled__2024-08-27T15:39:00+00:00', '--job-id', '96', '--raw', '--subdir', 'DAGS_FOLDER/currency_exchange_dag_part_b.py', '--cfg-path', '/tmp/tmpua9v_6z0']
[2024-08-27T15:40:01.270+0000] {standard_task_runner.py:85} INFO - Job 96: Subtask calculate_exchange_rate_change_batch
[2024-08-27T15:40:01.281+0000] {warnings.py:110} WARNING - /home/***/.local/lib/python3.7/site-packages/***/settings.py:195: DeprecationWarning: The sql_alchemy_conn option in [core] has been moved to the sql_alchemy_conn option in [database] - the old setting has been used, but please update your config.
  SQL_ALCHEMY_CONN = conf.get("database", "SQL_ALCHEMY_CONN")

[2024-08-27T15:40:01.308+0000] {logging_mixin.py:149} INFO - Changing /opt/***/logs/dag_id=currency_exchange_dag_part_b/run_id=scheduled__2024-08-27T15:39:00+00:00/task_id=calculate_exchange_rate_change_batch permission to 509
[2024-08-27T15:40:01.309+0000] {logging_mixin.py:149} INFO - Failed to change /opt/***/logs/dag_id=currency_exchange_dag_part_b/run_id=scheduled__2024-08-27T15:39:00+00:00/task_id=calculate_exchange_rate_change_batch permission to 509: [Errno 1] Operation not permitted: '/opt/***/logs/dag_id=currency_exchange_dag_part_b/run_id=scheduled__2024-08-27T15:39:00+00:00/task_id=calculate_exchange_rate_change_batch'
[2024-08-27T15:40:01.311+0000] {task_command.py:410} INFO - Running <TaskInstance: currency_exchange_dag_part_b.calculate_exchange_rate_change_batch scheduled__2024-08-27T15:39:00+00:00 [running]> on host d374469d5083
[2024-08-27T15:40:01.320+0000] {warnings.py:110} WARNING - /home/***/.local/lib/python3.7/site-packages/***/utils/sqlalchemy.py:124: DeprecationWarning: The sql_alchemy_conn option in [core] has been moved to the sql_alchemy_conn option in [database] - the old setting has been used, but please update your config.
  return not conf.get("database", "sql_alchemy_conn").startswith("mssql")

[2024-08-27T15:40:01.378+0000] {taskinstance.py:1547} INFO - Exporting env vars: AIRFLOW_CTX_DAG_OWNER='***' AIRFLOW_CTX_DAG_ID='currency_exchange_dag_part_b' AIRFLOW_CTX_TASK_ID='calculate_exchange_rate_change_batch' AIRFLOW_CTX_EXECUTION_DATE='2024-08-27T15:39:00+00:00' AIRFLOW_CTX_TRY_NUMBER='1' AIRFLOW_CTX_DAG_RUN_ID='scheduled__2024-08-27T15:39:00+00:00'
[2024-08-27T15:40:01.384+0000] {python.py:183} INFO - Done. Returned value was: None
[2024-08-27T15:40:01.392+0000] {taskinstance.py:1350} INFO - Marking task as SUCCESS. dag_id=currency_exchange_dag_part_b, task_id=calculate_exchange_rate_change_batch, execution_date=20240827T153900, start_date=20240827T154001, end_date=20240827T154001
[2024-08-27T15:40:01.443+0000] {local_task_job_runner.py:225} INFO - Task exited with return code 0
[2024-08-27T15:40:01.465+0000] {taskinstance.py:2653} INFO - 0 downstream tasks scheduled from follow-on schedule check
