[2024-08-25T16:08:26.401+0000] {processor.py:157} INFO - Started process (PID=163) to work on /opt/airflow/dags/exchange_rate_dag.py
[2024-08-25T16:08:26.403+0000] {processor.py:826} INFO - Processing file /opt/airflow/dags/exchange_rate_dag.py for tasks to queue
[2024-08-25T16:08:26.404+0000] {logging_mixin.py:149} INFO - [2024-08-25T16:08:26.404+0000] {dagbag.py:541} INFO - Filling up the DagBag from /opt/airflow/dags/exchange_rate_dag.py
[2024-08-25T16:08:26.461+0000] {processor.py:836} INFO - DAG(s) dict_keys(['currency_exchange_dag']) retrieved from /opt/airflow/dags/exchange_rate_dag.py
[2024-08-25T16:08:26.627+0000] {logging_mixin.py:149} INFO - [2024-08-25T16:08:26.627+0000] {manager.py:504} INFO - Created Permission View: can delete on DAG:currency_exchange_dag
[2024-08-25T16:08:26.637+0000] {logging_mixin.py:149} INFO - [2024-08-25T16:08:26.637+0000] {manager.py:504} INFO - Created Permission View: can read on DAG:currency_exchange_dag
[2024-08-25T16:08:26.644+0000] {logging_mixin.py:149} INFO - [2024-08-25T16:08:26.644+0000] {manager.py:504} INFO - Created Permission View: can edit on DAG:currency_exchange_dag
[2024-08-25T16:08:26.659+0000] {logging_mixin.py:149} INFO - [2024-08-25T16:08:26.659+0000] {dag.py:2726} INFO - Sync 1 DAGs
[2024-08-25T16:08:26.671+0000] {logging_mixin.py:149} INFO - [2024-08-25T16:08:26.671+0000] {dag.py:2747} INFO - Creating ORM DAG for currency_exchange_dag
[2024-08-25T16:08:26.681+0000] {logging_mixin.py:149} INFO - [2024-08-25T16:08:26.681+0000] {dag.py:3490} INFO - Setting next_dagrun for currency_exchange_dag to 2024-08-25T15:00:00+00:00, run_after=2024-08-25T16:00:00+00:00
[2024-08-25T16:08:26.699+0000] {processor.py:179} INFO - Processing /opt/airflow/dags/exchange_rate_dag.py took 0.300 seconds
[2024-08-25T16:08:57.067+0000] {processor.py:157} INFO - Started process (PID=168) to work on /opt/airflow/dags/exchange_rate_dag.py
[2024-08-25T16:08:57.069+0000] {processor.py:826} INFO - Processing file /opt/airflow/dags/exchange_rate_dag.py for tasks to queue
[2024-08-25T16:08:57.070+0000] {logging_mixin.py:149} INFO - [2024-08-25T16:08:57.070+0000] {dagbag.py:541} INFO - Filling up the DagBag from /opt/airflow/dags/exchange_rate_dag.py
[2024-08-25T16:08:57.104+0000] {processor.py:836} INFO - DAG(s) dict_keys(['currency_exchange_dag']) retrieved from /opt/airflow/dags/exchange_rate_dag.py
[2024-08-25T16:08:57.130+0000] {logging_mixin.py:149} INFO - [2024-08-25T16:08:57.130+0000] {dag.py:2726} INFO - Sync 1 DAGs
[2024-08-25T16:08:57.153+0000] {logging_mixin.py:149} INFO - [2024-08-25T16:08:57.153+0000] {dag.py:3490} INFO - Setting next_dagrun for currency_exchange_dag to 2024-08-25T15:00:00+00:00, run_after=2024-08-25T16:00:00+00:00
[2024-08-25T16:08:57.173+0000] {processor.py:179} INFO - Processing /opt/airflow/dags/exchange_rate_dag.py took 0.109 seconds
[2024-08-25T16:09:27.271+0000] {processor.py:157} INFO - Started process (PID=173) to work on /opt/airflow/dags/exchange_rate_dag.py
[2024-08-25T16:09:27.273+0000] {processor.py:826} INFO - Processing file /opt/airflow/dags/exchange_rate_dag.py for tasks to queue
[2024-08-25T16:09:27.274+0000] {logging_mixin.py:149} INFO - [2024-08-25T16:09:27.274+0000] {dagbag.py:541} INFO - Filling up the DagBag from /opt/airflow/dags/exchange_rate_dag.py
[2024-08-25T16:09:27.328+0000] {processor.py:836} INFO - DAG(s) dict_keys(['currency_exchange_dag']) retrieved from /opt/airflow/dags/exchange_rate_dag.py
[2024-08-25T16:09:27.374+0000] {logging_mixin.py:149} INFO - [2024-08-25T16:09:27.373+0000] {dag.py:2726} INFO - Sync 1 DAGs
[2024-08-25T16:09:27.401+0000] {logging_mixin.py:149} INFO - [2024-08-25T16:09:27.401+0000] {dag.py:3490} INFO - Setting next_dagrun for currency_exchange_dag to 2024-08-25T15:00:00+00:00, run_after=2024-08-25T16:00:00+00:00
[2024-08-25T16:09:27.425+0000] {processor.py:179} INFO - Processing /opt/airflow/dags/exchange_rate_dag.py took 0.157 seconds
[2024-08-25T16:09:57.554+0000] {processor.py:157} INFO - Started process (PID=178) to work on /opt/airflow/dags/exchange_rate_dag.py
[2024-08-25T16:09:57.555+0000] {processor.py:826} INFO - Processing file /opt/airflow/dags/exchange_rate_dag.py for tasks to queue
[2024-08-25T16:09:57.556+0000] {logging_mixin.py:149} INFO - [2024-08-25T16:09:57.556+0000] {dagbag.py:541} INFO - Filling up the DagBag from /opt/airflow/dags/exchange_rate_dag.py
[2024-08-25T16:09:57.582+0000] {processor.py:836} INFO - DAG(s) dict_keys(['currency_exchange_dag']) retrieved from /opt/airflow/dags/exchange_rate_dag.py
[2024-08-25T16:09:57.608+0000] {logging_mixin.py:149} INFO - [2024-08-25T16:09:57.608+0000] {dag.py:2726} INFO - Sync 1 DAGs
[2024-08-25T16:09:57.631+0000] {logging_mixin.py:149} INFO - [2024-08-25T16:09:57.631+0000] {dag.py:3490} INFO - Setting next_dagrun for currency_exchange_dag to 2024-08-25T15:00:00+00:00, run_after=2024-08-25T16:00:00+00:00
[2024-08-25T16:09:57.649+0000] {processor.py:179} INFO - Processing /opt/airflow/dags/exchange_rate_dag.py took 0.097 seconds
[2024-08-25T16:10:27.840+0000] {processor.py:157} INFO - Started process (PID=183) to work on /opt/airflow/dags/exchange_rate_dag.py
[2024-08-25T16:10:27.841+0000] {processor.py:826} INFO - Processing file /opt/airflow/dags/exchange_rate_dag.py for tasks to queue
[2024-08-25T16:10:27.842+0000] {logging_mixin.py:149} INFO - [2024-08-25T16:10:27.842+0000] {dagbag.py:541} INFO - Filling up the DagBag from /opt/airflow/dags/exchange_rate_dag.py
[2024-08-25T16:10:27.871+0000] {processor.py:836} INFO - DAG(s) dict_keys(['currency_exchange_dag']) retrieved from /opt/airflow/dags/exchange_rate_dag.py
[2024-08-25T16:10:27.899+0000] {logging_mixin.py:149} INFO - [2024-08-25T16:10:27.899+0000] {dag.py:2726} INFO - Sync 1 DAGs
[2024-08-25T16:10:27.923+0000] {logging_mixin.py:149} INFO - [2024-08-25T16:10:27.923+0000] {dag.py:3490} INFO - Setting next_dagrun for currency_exchange_dag to 2024-08-25T15:00:00+00:00, run_after=2024-08-25T16:00:00+00:00
[2024-08-25T16:10:27.944+0000] {processor.py:179} INFO - Processing /opt/airflow/dags/exchange_rate_dag.py took 0.107 seconds
[2024-08-25T16:10:58.022+0000] {processor.py:157} INFO - Started process (PID=188) to work on /opt/airflow/dags/exchange_rate_dag.py
[2024-08-25T16:10:58.023+0000] {processor.py:826} INFO - Processing file /opt/airflow/dags/exchange_rate_dag.py for tasks to queue
[2024-08-25T16:10:58.024+0000] {logging_mixin.py:149} INFO - [2024-08-25T16:10:58.024+0000] {dagbag.py:541} INFO - Filling up the DagBag from /opt/airflow/dags/exchange_rate_dag.py
[2024-08-25T16:10:58.051+0000] {processor.py:836} INFO - DAG(s) dict_keys(['currency_exchange_dag']) retrieved from /opt/airflow/dags/exchange_rate_dag.py
[2024-08-25T16:10:58.078+0000] {logging_mixin.py:149} INFO - [2024-08-25T16:10:58.078+0000] {dag.py:2726} INFO - Sync 1 DAGs
[2024-08-25T16:10:58.102+0000] {logging_mixin.py:149} INFO - [2024-08-25T16:10:58.102+0000] {dag.py:3490} INFO - Setting next_dagrun for currency_exchange_dag to 2024-08-25T15:00:00+00:00, run_after=2024-08-25T16:00:00+00:00
[2024-08-25T16:10:58.121+0000] {processor.py:179} INFO - Processing /opt/airflow/dags/exchange_rate_dag.py took 0.101 seconds
[2024-08-25T16:11:28.244+0000] {processor.py:157} INFO - Started process (PID=193) to work on /opt/airflow/dags/exchange_rate_dag.py
[2024-08-25T16:11:28.246+0000] {processor.py:826} INFO - Processing file /opt/airflow/dags/exchange_rate_dag.py for tasks to queue
[2024-08-25T16:11:28.247+0000] {logging_mixin.py:149} INFO - [2024-08-25T16:11:28.247+0000] {dagbag.py:541} INFO - Filling up the DagBag from /opt/airflow/dags/exchange_rate_dag.py
[2024-08-25T16:11:28.279+0000] {processor.py:836} INFO - DAG(s) dict_keys(['currency_exchange_dag']) retrieved from /opt/airflow/dags/exchange_rate_dag.py
[2024-08-25T16:11:28.309+0000] {logging_mixin.py:149} INFO - [2024-08-25T16:11:28.309+0000] {dag.py:2726} INFO - Sync 1 DAGs
[2024-08-25T16:11:28.332+0000] {logging_mixin.py:149} INFO - [2024-08-25T16:11:28.332+0000] {dag.py:3490} INFO - Setting next_dagrun for currency_exchange_dag to 2024-08-25T15:00:00+00:00, run_after=2024-08-25T16:00:00+00:00
[2024-08-25T16:11:28.356+0000] {processor.py:179} INFO - Processing /opt/airflow/dags/exchange_rate_dag.py took 0.114 seconds
[2024-08-25T16:11:58.520+0000] {processor.py:157} INFO - Started process (PID=198) to work on /opt/airflow/dags/exchange_rate_dag.py
[2024-08-25T16:11:58.521+0000] {processor.py:826} INFO - Processing file /opt/airflow/dags/exchange_rate_dag.py for tasks to queue
[2024-08-25T16:11:58.522+0000] {logging_mixin.py:149} INFO - [2024-08-25T16:11:58.522+0000] {dagbag.py:541} INFO - Filling up the DagBag from /opt/airflow/dags/exchange_rate_dag.py
[2024-08-25T16:11:58.543+0000] {processor.py:836} INFO - DAG(s) dict_keys(['currency_exchange_dag']) retrieved from /opt/airflow/dags/exchange_rate_dag.py
[2024-08-25T16:11:58.569+0000] {logging_mixin.py:149} INFO - [2024-08-25T16:11:58.569+0000] {dag.py:2726} INFO - Sync 1 DAGs
[2024-08-25T16:11:58.593+0000] {logging_mixin.py:149} INFO - [2024-08-25T16:11:58.593+0000] {dag.py:3490} INFO - Setting next_dagrun for currency_exchange_dag to 2024-08-25T15:00:00+00:00, run_after=2024-08-25T16:00:00+00:00
[2024-08-25T16:11:58.612+0000] {processor.py:179} INFO - Processing /opt/airflow/dags/exchange_rate_dag.py took 0.094 seconds
[2024-08-25T16:12:28.749+0000] {processor.py:157} INFO - Started process (PID=203) to work on /opt/airflow/dags/exchange_rate_dag.py
[2024-08-25T16:12:28.750+0000] {processor.py:826} INFO - Processing file /opt/airflow/dags/exchange_rate_dag.py for tasks to queue
[2024-08-25T16:12:28.752+0000] {logging_mixin.py:149} INFO - [2024-08-25T16:12:28.752+0000] {dagbag.py:541} INFO - Filling up the DagBag from /opt/airflow/dags/exchange_rate_dag.py
[2024-08-25T16:12:28.784+0000] {processor.py:836} INFO - DAG(s) dict_keys(['currency_exchange_dag']) retrieved from /opt/airflow/dags/exchange_rate_dag.py
[2024-08-25T16:12:28.811+0000] {logging_mixin.py:149} INFO - [2024-08-25T16:12:28.811+0000] {dag.py:2726} INFO - Sync 1 DAGs
[2024-08-25T16:12:28.839+0000] {logging_mixin.py:149} INFO - [2024-08-25T16:12:28.839+0000] {dag.py:3490} INFO - Setting next_dagrun for currency_exchange_dag to 2024-08-25T15:00:00+00:00, run_after=2024-08-25T16:00:00+00:00
[2024-08-25T16:12:28.858+0000] {processor.py:179} INFO - Processing /opt/airflow/dags/exchange_rate_dag.py took 0.112 seconds
[2024-08-25T16:12:59.228+0000] {processor.py:157} INFO - Started process (PID=208) to work on /opt/airflow/dags/exchange_rate_dag.py
[2024-08-25T16:12:59.229+0000] {processor.py:826} INFO - Processing file /opt/airflow/dags/exchange_rate_dag.py for tasks to queue
[2024-08-25T16:12:59.230+0000] {logging_mixin.py:149} INFO - [2024-08-25T16:12:59.230+0000] {dagbag.py:541} INFO - Filling up the DagBag from /opt/airflow/dags/exchange_rate_dag.py
[2024-08-25T16:12:59.254+0000] {processor.py:836} INFO - DAG(s) dict_keys(['currency_exchange_dag']) retrieved from /opt/airflow/dags/exchange_rate_dag.py
[2024-08-25T16:12:59.282+0000] {logging_mixin.py:149} INFO - [2024-08-25T16:12:59.281+0000] {dag.py:2726} INFO - Sync 1 DAGs
[2024-08-25T16:12:59.307+0000] {logging_mixin.py:149} INFO - [2024-08-25T16:12:59.307+0000] {dag.py:3490} INFO - Setting next_dagrun for currency_exchange_dag to 2024-08-25T15:00:00+00:00, run_after=2024-08-25T16:00:00+00:00
[2024-08-25T16:12:59.366+0000] {processor.py:179} INFO - Processing /opt/airflow/dags/exchange_rate_dag.py took 0.141 seconds
[2024-08-25T16:13:29.481+0000] {processor.py:157} INFO - Started process (PID=213) to work on /opt/airflow/dags/exchange_rate_dag.py
[2024-08-25T16:13:29.482+0000] {processor.py:826} INFO - Processing file /opt/airflow/dags/exchange_rate_dag.py for tasks to queue
[2024-08-25T16:13:29.483+0000] {logging_mixin.py:149} INFO - [2024-08-25T16:13:29.483+0000] {dagbag.py:541} INFO - Filling up the DagBag from /opt/airflow/dags/exchange_rate_dag.py
[2024-08-25T16:13:29.505+0000] {processor.py:836} INFO - DAG(s) dict_keys(['currency_exchange_dag']) retrieved from /opt/airflow/dags/exchange_rate_dag.py
[2024-08-25T16:13:29.530+0000] {logging_mixin.py:149} INFO - [2024-08-25T16:13:29.530+0000] {dag.py:2726} INFO - Sync 1 DAGs
[2024-08-25T16:13:29.554+0000] {logging_mixin.py:149} INFO - [2024-08-25T16:13:29.554+0000] {dag.py:3490} INFO - Setting next_dagrun for currency_exchange_dag to 2024-08-25T15:00:00+00:00, run_after=2024-08-25T16:00:00+00:00
[2024-08-25T16:13:29.574+0000] {processor.py:179} INFO - Processing /opt/airflow/dags/exchange_rate_dag.py took 0.096 seconds
[2024-08-25T16:13:59.827+0000] {processor.py:157} INFO - Started process (PID=218) to work on /opt/airflow/dags/exchange_rate_dag.py
[2024-08-25T16:13:59.828+0000] {processor.py:826} INFO - Processing file /opt/airflow/dags/exchange_rate_dag.py for tasks to queue
[2024-08-25T16:13:59.829+0000] {logging_mixin.py:149} INFO - [2024-08-25T16:13:59.829+0000] {dagbag.py:541} INFO - Filling up the DagBag from /opt/airflow/dags/exchange_rate_dag.py
[2024-08-25T16:13:59.850+0000] {processor.py:836} INFO - DAG(s) dict_keys(['currency_exchange_dag']) retrieved from /opt/airflow/dags/exchange_rate_dag.py
[2024-08-25T16:13:59.875+0000] {logging_mixin.py:149} INFO - [2024-08-25T16:13:59.875+0000] {dag.py:2726} INFO - Sync 1 DAGs
[2024-08-25T16:13:59.899+0000] {logging_mixin.py:149} INFO - [2024-08-25T16:13:59.899+0000] {dag.py:3490} INFO - Setting next_dagrun for currency_exchange_dag to 2024-08-25T15:00:00+00:00, run_after=2024-08-25T16:00:00+00:00
[2024-08-25T16:13:59.919+0000] {processor.py:179} INFO - Processing /opt/airflow/dags/exchange_rate_dag.py took 0.094 seconds
[2024-08-25T16:14:30.339+0000] {processor.py:157} INFO - Started process (PID=223) to work on /opt/airflow/dags/exchange_rate_dag.py
[2024-08-25T16:14:30.340+0000] {processor.py:826} INFO - Processing file /opt/airflow/dags/exchange_rate_dag.py for tasks to queue
[2024-08-25T16:14:30.341+0000] {logging_mixin.py:149} INFO - [2024-08-25T16:14:30.341+0000] {dagbag.py:541} INFO - Filling up the DagBag from /opt/airflow/dags/exchange_rate_dag.py
[2024-08-25T16:14:30.371+0000] {processor.py:836} INFO - DAG(s) dict_keys(['currency_exchange_dag']) retrieved from /opt/airflow/dags/exchange_rate_dag.py
[2024-08-25T16:14:30.397+0000] {logging_mixin.py:149} INFO - [2024-08-25T16:14:30.397+0000] {dag.py:2726} INFO - Sync 1 DAGs
[2024-08-25T16:14:30.421+0000] {logging_mixin.py:149} INFO - [2024-08-25T16:14:30.421+0000] {dag.py:3490} INFO - Setting next_dagrun for currency_exchange_dag to 2024-08-25T15:00:00+00:00, run_after=2024-08-25T16:00:00+00:00
[2024-08-25T16:14:30.443+0000] {processor.py:179} INFO - Processing /opt/airflow/dags/exchange_rate_dag.py took 0.106 seconds
[2024-08-25T16:15:00.532+0000] {processor.py:157} INFO - Started process (PID=228) to work on /opt/airflow/dags/exchange_rate_dag.py
[2024-08-25T16:15:00.534+0000] {processor.py:826} INFO - Processing file /opt/airflow/dags/exchange_rate_dag.py for tasks to queue
[2024-08-25T16:15:00.535+0000] {logging_mixin.py:149} INFO - [2024-08-25T16:15:00.535+0000] {dagbag.py:541} INFO - Filling up the DagBag from /opt/airflow/dags/exchange_rate_dag.py
[2024-08-25T16:15:00.567+0000] {processor.py:836} INFO - DAG(s) dict_keys(['currency_exchange_dag']) retrieved from /opt/airflow/dags/exchange_rate_dag.py
[2024-08-25T16:15:00.594+0000] {logging_mixin.py:149} INFO - [2024-08-25T16:15:00.593+0000] {dag.py:2726} INFO - Sync 1 DAGs
[2024-08-25T16:15:00.616+0000] {logging_mixin.py:149} INFO - [2024-08-25T16:15:00.616+0000] {dag.py:3490} INFO - Setting next_dagrun for currency_exchange_dag to 2024-08-25T15:00:00+00:00, run_after=2024-08-25T16:00:00+00:00
[2024-08-25T16:15:00.635+0000] {processor.py:179} INFO - Processing /opt/airflow/dags/exchange_rate_dag.py took 0.106 seconds
[2024-08-25T16:15:30.856+0000] {processor.py:157} INFO - Started process (PID=233) to work on /opt/airflow/dags/exchange_rate_dag.py
[2024-08-25T16:15:30.857+0000] {processor.py:826} INFO - Processing file /opt/airflow/dags/exchange_rate_dag.py for tasks to queue
[2024-08-25T16:15:30.858+0000] {logging_mixin.py:149} INFO - [2024-08-25T16:15:30.858+0000] {dagbag.py:541} INFO - Filling up the DagBag from /opt/airflow/dags/exchange_rate_dag.py
[2024-08-25T16:15:30.877+0000] {processor.py:836} INFO - DAG(s) dict_keys(['currency_exchange_dag']) retrieved from /opt/airflow/dags/exchange_rate_dag.py
[2024-08-25T16:15:30.907+0000] {logging_mixin.py:149} INFO - [2024-08-25T16:15:30.907+0000] {dag.py:2726} INFO - Sync 1 DAGs
[2024-08-25T16:15:30.935+0000] {logging_mixin.py:149} INFO - [2024-08-25T16:15:30.934+0000] {dag.py:3490} INFO - Setting next_dagrun for currency_exchange_dag to 2024-08-25T15:00:00+00:00, run_after=2024-08-25T16:00:00+00:00
[2024-08-25T16:15:30.955+0000] {processor.py:179} INFO - Processing /opt/airflow/dags/exchange_rate_dag.py took 0.102 seconds
[2024-08-25T16:16:01.046+0000] {processor.py:157} INFO - Started process (PID=238) to work on /opt/airflow/dags/exchange_rate_dag.py
[2024-08-25T16:16:01.047+0000] {processor.py:826} INFO - Processing file /opt/airflow/dags/exchange_rate_dag.py for tasks to queue
[2024-08-25T16:16:01.049+0000] {logging_mixin.py:149} INFO - [2024-08-25T16:16:01.048+0000] {dagbag.py:541} INFO - Filling up the DagBag from /opt/airflow/dags/exchange_rate_dag.py
[2024-08-25T16:16:01.075+0000] {processor.py:836} INFO - DAG(s) dict_keys(['currency_exchange_dag']) retrieved from /opt/airflow/dags/exchange_rate_dag.py
[2024-08-25T16:16:01.101+0000] {logging_mixin.py:149} INFO - [2024-08-25T16:16:01.101+0000] {dag.py:2726} INFO - Sync 1 DAGs
[2024-08-25T16:16:01.126+0000] {logging_mixin.py:149} INFO - [2024-08-25T16:16:01.126+0000] {dag.py:3490} INFO - Setting next_dagrun for currency_exchange_dag to 2024-08-25T15:00:00+00:00, run_after=2024-08-25T16:00:00+00:00
[2024-08-25T16:16:01.146+0000] {processor.py:179} INFO - Processing /opt/airflow/dags/exchange_rate_dag.py took 0.102 seconds
[2024-08-25T16:16:31.303+0000] {processor.py:157} INFO - Started process (PID=243) to work on /opt/airflow/dags/exchange_rate_dag.py
[2024-08-25T16:16:31.304+0000] {processor.py:826} INFO - Processing file /opt/airflow/dags/exchange_rate_dag.py for tasks to queue
[2024-08-25T16:16:31.305+0000] {logging_mixin.py:149} INFO - [2024-08-25T16:16:31.304+0000] {dagbag.py:541} INFO - Filling up the DagBag from /opt/airflow/dags/exchange_rate_dag.py
[2024-08-25T16:16:31.337+0000] {processor.py:836} INFO - DAG(s) dict_keys(['currency_exchange_dag']) retrieved from /opt/airflow/dags/exchange_rate_dag.py
[2024-08-25T16:16:31.366+0000] {logging_mixin.py:149} INFO - [2024-08-25T16:16:31.366+0000] {dag.py:2726} INFO - Sync 1 DAGs
[2024-08-25T16:16:31.393+0000] {logging_mixin.py:149} INFO - [2024-08-25T16:16:31.392+0000] {dag.py:3490} INFO - Setting next_dagrun for currency_exchange_dag to 2024-08-25T15:00:00+00:00, run_after=2024-08-25T16:00:00+00:00
[2024-08-25T16:16:31.414+0000] {processor.py:179} INFO - Processing /opt/airflow/dags/exchange_rate_dag.py took 0.114 seconds
[2024-08-25T16:17:01.689+0000] {processor.py:157} INFO - Started process (PID=248) to work on /opt/airflow/dags/exchange_rate_dag.py
[2024-08-25T16:17:01.690+0000] {processor.py:826} INFO - Processing file /opt/airflow/dags/exchange_rate_dag.py for tasks to queue
[2024-08-25T16:17:01.691+0000] {logging_mixin.py:149} INFO - [2024-08-25T16:17:01.691+0000] {dagbag.py:541} INFO - Filling up the DagBag from /opt/airflow/dags/exchange_rate_dag.py
[2024-08-25T16:17:01.712+0000] {processor.py:836} INFO - DAG(s) dict_keys(['currency_exchange_dag']) retrieved from /opt/airflow/dags/exchange_rate_dag.py
[2024-08-25T16:17:01.739+0000] {logging_mixin.py:149} INFO - [2024-08-25T16:17:01.739+0000] {dag.py:2726} INFO - Sync 1 DAGs
[2024-08-25T16:17:01.762+0000] {logging_mixin.py:149} INFO - [2024-08-25T16:17:01.762+0000] {dag.py:3490} INFO - Setting next_dagrun for currency_exchange_dag to 2024-08-25T15:00:00+00:00, run_after=2024-08-25T16:00:00+00:00
[2024-08-25T16:17:01.783+0000] {processor.py:179} INFO - Processing /opt/airflow/dags/exchange_rate_dag.py took 0.096 seconds
[2024-08-25T16:17:32.051+0000] {processor.py:157} INFO - Started process (PID=253) to work on /opt/airflow/dags/exchange_rate_dag.py
[2024-08-25T16:17:32.052+0000] {processor.py:826} INFO - Processing file /opt/airflow/dags/exchange_rate_dag.py for tasks to queue
[2024-08-25T16:17:32.053+0000] {logging_mixin.py:149} INFO - [2024-08-25T16:17:32.053+0000] {dagbag.py:541} INFO - Filling up the DagBag from /opt/airflow/dags/exchange_rate_dag.py
[2024-08-25T16:17:32.096+0000] {processor.py:836} INFO - DAG(s) dict_keys(['currency_exchange_dag']) retrieved from /opt/airflow/dags/exchange_rate_dag.py
[2024-08-25T16:17:32.125+0000] {logging_mixin.py:149} INFO - [2024-08-25T16:17:32.124+0000] {dag.py:2726} INFO - Sync 1 DAGs
[2024-08-25T16:17:32.149+0000] {logging_mixin.py:149} INFO - [2024-08-25T16:17:32.148+0000] {dag.py:3490} INFO - Setting next_dagrun for currency_exchange_dag to 2024-08-25T15:00:00+00:00, run_after=2024-08-25T16:00:00+00:00
[2024-08-25T16:17:32.170+0000] {processor.py:179} INFO - Processing /opt/airflow/dags/exchange_rate_dag.py took 0.124 seconds
[2024-08-25T16:18:02.255+0000] {processor.py:157} INFO - Started process (PID=258) to work on /opt/airflow/dags/exchange_rate_dag.py
[2024-08-25T16:18:02.256+0000] {processor.py:826} INFO - Processing file /opt/airflow/dags/exchange_rate_dag.py for tasks to queue
[2024-08-25T16:18:02.257+0000] {logging_mixin.py:149} INFO - [2024-08-25T16:18:02.257+0000] {dagbag.py:541} INFO - Filling up the DagBag from /opt/airflow/dags/exchange_rate_dag.py
[2024-08-25T16:18:02.291+0000] {processor.py:836} INFO - DAG(s) dict_keys(['currency_exchange_dag']) retrieved from /opt/airflow/dags/exchange_rate_dag.py
[2024-08-25T16:18:02.318+0000] {logging_mixin.py:149} INFO - [2024-08-25T16:18:02.318+0000] {dag.py:2726} INFO - Sync 1 DAGs
[2024-08-25T16:18:02.343+0000] {logging_mixin.py:149} INFO - [2024-08-25T16:18:02.342+0000] {dag.py:3490} INFO - Setting next_dagrun for currency_exchange_dag to 2024-08-25T15:00:00+00:00, run_after=2024-08-25T16:00:00+00:00
[2024-08-25T16:18:02.363+0000] {processor.py:179} INFO - Processing /opt/airflow/dags/exchange_rate_dag.py took 0.110 seconds
[2024-08-25T16:18:32.780+0000] {processor.py:157} INFO - Started process (PID=263) to work on /opt/airflow/dags/exchange_rate_dag.py
[2024-08-25T16:18:32.781+0000] {processor.py:826} INFO - Processing file /opt/airflow/dags/exchange_rate_dag.py for tasks to queue
[2024-08-25T16:18:32.783+0000] {logging_mixin.py:149} INFO - [2024-08-25T16:18:32.783+0000] {dagbag.py:541} INFO - Filling up the DagBag from /opt/airflow/dags/exchange_rate_dag.py
[2024-08-25T16:18:32.825+0000] {processor.py:836} INFO - DAG(s) dict_keys(['currency_exchange_dag']) retrieved from /opt/airflow/dags/exchange_rate_dag.py
[2024-08-25T16:18:32.851+0000] {logging_mixin.py:149} INFO - [2024-08-25T16:18:32.850+0000] {dag.py:2726} INFO - Sync 1 DAGs
[2024-08-25T16:18:32.876+0000] {logging_mixin.py:149} INFO - [2024-08-25T16:18:32.875+0000] {dag.py:3490} INFO - Setting next_dagrun for currency_exchange_dag to 2024-08-25T15:00:00+00:00, run_after=2024-08-25T16:00:00+00:00
[2024-08-25T16:18:32.898+0000] {processor.py:179} INFO - Processing /opt/airflow/dags/exchange_rate_dag.py took 0.120 seconds
[2024-08-25T16:19:03.450+0000] {processor.py:157} INFO - Started process (PID=268) to work on /opt/airflow/dags/exchange_rate_dag.py
[2024-08-25T16:19:03.451+0000] {processor.py:826} INFO - Processing file /opt/airflow/dags/exchange_rate_dag.py for tasks to queue
[2024-08-25T16:19:03.452+0000] {logging_mixin.py:149} INFO - [2024-08-25T16:19:03.452+0000] {dagbag.py:541} INFO - Filling up the DagBag from /opt/airflow/dags/exchange_rate_dag.py
[2024-08-25T16:19:03.476+0000] {processor.py:836} INFO - DAG(s) dict_keys(['currency_exchange_dag']) retrieved from /opt/airflow/dags/exchange_rate_dag.py
[2024-08-25T16:19:03.503+0000] {logging_mixin.py:149} INFO - [2024-08-25T16:19:03.503+0000] {dag.py:2726} INFO - Sync 1 DAGs
[2024-08-25T16:19:03.531+0000] {logging_mixin.py:149} INFO - [2024-08-25T16:19:03.531+0000] {dag.py:3490} INFO - Setting next_dagrun for currency_exchange_dag to 2024-08-25T15:00:00+00:00, run_after=2024-08-25T16:00:00+00:00
[2024-08-25T16:19:03.554+0000] {processor.py:179} INFO - Processing /opt/airflow/dags/exchange_rate_dag.py took 0.107 seconds
[2024-08-25T16:19:34.087+0000] {processor.py:157} INFO - Started process (PID=273) to work on /opt/airflow/dags/exchange_rate_dag.py
[2024-08-25T16:19:34.088+0000] {processor.py:826} INFO - Processing file /opt/airflow/dags/exchange_rate_dag.py for tasks to queue
[2024-08-25T16:19:34.089+0000] {logging_mixin.py:149} INFO - [2024-08-25T16:19:34.088+0000] {dagbag.py:541} INFO - Filling up the DagBag from /opt/airflow/dags/exchange_rate_dag.py
[2024-08-25T16:19:34.120+0000] {processor.py:836} INFO - DAG(s) dict_keys(['currency_exchange_dag']) retrieved from /opt/airflow/dags/exchange_rate_dag.py
[2024-08-25T16:19:34.148+0000] {logging_mixin.py:149} INFO - [2024-08-25T16:19:34.148+0000] {dag.py:2726} INFO - Sync 1 DAGs
[2024-08-25T16:19:34.171+0000] {logging_mixin.py:149} INFO - [2024-08-25T16:19:34.171+0000] {dag.py:3490} INFO - Setting next_dagrun for currency_exchange_dag to 2024-08-25T15:00:00+00:00, run_after=2024-08-25T16:00:00+00:00
[2024-08-25T16:19:34.194+0000] {processor.py:179} INFO - Processing /opt/airflow/dags/exchange_rate_dag.py took 0.109 seconds
[2024-08-25T16:20:04.268+0000] {processor.py:157} INFO - Started process (PID=278) to work on /opt/airflow/dags/exchange_rate_dag.py
[2024-08-25T16:20:04.269+0000] {processor.py:826} INFO - Processing file /opt/airflow/dags/exchange_rate_dag.py for tasks to queue
[2024-08-25T16:20:04.270+0000] {logging_mixin.py:149} INFO - [2024-08-25T16:20:04.270+0000] {dagbag.py:541} INFO - Filling up the DagBag from /opt/airflow/dags/exchange_rate_dag.py
[2024-08-25T16:20:04.305+0000] {processor.py:836} INFO - DAG(s) dict_keys(['currency_exchange_dag']) retrieved from /opt/airflow/dags/exchange_rate_dag.py
[2024-08-25T16:20:04.336+0000] {logging_mixin.py:149} INFO - [2024-08-25T16:20:04.336+0000] {dag.py:2726} INFO - Sync 1 DAGs
[2024-08-25T16:20:04.374+0000] {logging_mixin.py:149} INFO - [2024-08-25T16:20:04.374+0000] {dag.py:3490} INFO - Setting next_dagrun for currency_exchange_dag to 2024-08-25T15:00:00+00:00, run_after=2024-08-25T16:00:00+00:00
[2024-08-25T16:20:04.407+0000] {processor.py:179} INFO - Processing /opt/airflow/dags/exchange_rate_dag.py took 0.142 seconds
[2024-08-25T16:20:34.513+0000] {processor.py:157} INFO - Started process (PID=283) to work on /opt/airflow/dags/exchange_rate_dag.py
[2024-08-25T16:20:34.514+0000] {processor.py:826} INFO - Processing file /opt/airflow/dags/exchange_rate_dag.py for tasks to queue
[2024-08-25T16:20:34.515+0000] {logging_mixin.py:149} INFO - [2024-08-25T16:20:34.515+0000] {dagbag.py:541} INFO - Filling up the DagBag from /opt/airflow/dags/exchange_rate_dag.py
[2024-08-25T16:20:34.538+0000] {processor.py:836} INFO - DAG(s) dict_keys(['currency_exchange_dag']) retrieved from /opt/airflow/dags/exchange_rate_dag.py
[2024-08-25T16:20:34.563+0000] {logging_mixin.py:149} INFO - [2024-08-25T16:20:34.563+0000] {dag.py:2726} INFO - Sync 1 DAGs
[2024-08-25T16:20:34.587+0000] {logging_mixin.py:149} INFO - [2024-08-25T16:20:34.587+0000] {dag.py:3490} INFO - Setting next_dagrun for currency_exchange_dag to 2024-08-25T15:00:00+00:00, run_after=2024-08-25T16:00:00+00:00
[2024-08-25T16:20:34.607+0000] {processor.py:179} INFO - Processing /opt/airflow/dags/exchange_rate_dag.py took 0.097 seconds
[2024-08-25T16:21:04.940+0000] {processor.py:157} INFO - Started process (PID=288) to work on /opt/airflow/dags/exchange_rate_dag.py
[2024-08-25T16:21:04.941+0000] {processor.py:826} INFO - Processing file /opt/airflow/dags/exchange_rate_dag.py for tasks to queue
[2024-08-25T16:21:04.942+0000] {logging_mixin.py:149} INFO - [2024-08-25T16:21:04.942+0000] {dagbag.py:541} INFO - Filling up the DagBag from /opt/airflow/dags/exchange_rate_dag.py
[2024-08-25T16:21:04.977+0000] {processor.py:836} INFO - DAG(s) dict_keys(['currency_exchange_dag']) retrieved from /opt/airflow/dags/exchange_rate_dag.py
[2024-08-25T16:21:05.004+0000] {logging_mixin.py:149} INFO - [2024-08-25T16:21:05.003+0000] {dag.py:2726} INFO - Sync 1 DAGs
[2024-08-25T16:21:05.027+0000] {logging_mixin.py:149} INFO - [2024-08-25T16:21:05.027+0000] {dag.py:3490} INFO - Setting next_dagrun for currency_exchange_dag to 2024-08-25T15:00:00+00:00, run_after=2024-08-25T16:00:00+00:00
[2024-08-25T16:21:05.054+0000] {processor.py:179} INFO - Processing /opt/airflow/dags/exchange_rate_dag.py took 0.117 seconds
[2024-08-25T16:21:35.255+0000] {processor.py:157} INFO - Started process (PID=293) to work on /opt/airflow/dags/exchange_rate_dag.py
[2024-08-25T16:21:35.256+0000] {processor.py:826} INFO - Processing file /opt/airflow/dags/exchange_rate_dag.py for tasks to queue
[2024-08-25T16:21:35.257+0000] {logging_mixin.py:149} INFO - [2024-08-25T16:21:35.257+0000] {dagbag.py:541} INFO - Filling up the DagBag from /opt/airflow/dags/exchange_rate_dag.py
[2024-08-25T16:21:35.291+0000] {processor.py:836} INFO - DAG(s) dict_keys(['currency_exchange_dag']) retrieved from /opt/airflow/dags/exchange_rate_dag.py
[2024-08-25T16:21:35.318+0000] {logging_mixin.py:149} INFO - [2024-08-25T16:21:35.317+0000] {dag.py:2726} INFO - Sync 1 DAGs
[2024-08-25T16:21:35.343+0000] {logging_mixin.py:149} INFO - [2024-08-25T16:21:35.343+0000] {dag.py:3490} INFO - Setting next_dagrun for currency_exchange_dag to 2024-08-25T15:00:00+00:00, run_after=2024-08-25T16:00:00+00:00
[2024-08-25T16:21:35.364+0000] {processor.py:179} INFO - Processing /opt/airflow/dags/exchange_rate_dag.py took 0.111 seconds
[2024-08-25T16:22:05.770+0000] {processor.py:157} INFO - Started process (PID=298) to work on /opt/airflow/dags/exchange_rate_dag.py
[2024-08-25T16:22:05.771+0000] {processor.py:826} INFO - Processing file /opt/airflow/dags/exchange_rate_dag.py for tasks to queue
[2024-08-25T16:22:05.772+0000] {logging_mixin.py:149} INFO - [2024-08-25T16:22:05.772+0000] {dagbag.py:541} INFO - Filling up the DagBag from /opt/airflow/dags/exchange_rate_dag.py
[2024-08-25T16:22:05.819+0000] {processor.py:836} INFO - DAG(s) dict_keys(['currency_exchange_dag']) retrieved from /opt/airflow/dags/exchange_rate_dag.py
[2024-08-25T16:22:05.856+0000] {logging_mixin.py:149} INFO - [2024-08-25T16:22:05.856+0000] {dag.py:2726} INFO - Sync 1 DAGs
[2024-08-25T16:22:05.893+0000] {logging_mixin.py:149} INFO - [2024-08-25T16:22:05.893+0000] {dag.py:3490} INFO - Setting next_dagrun for currency_exchange_dag to 2024-08-25T15:00:00+00:00, run_after=2024-08-25T16:00:00+00:00
[2024-08-25T16:22:05.923+0000] {processor.py:179} INFO - Processing /opt/airflow/dags/exchange_rate_dag.py took 0.156 seconds
[2024-08-25T16:22:36.205+0000] {processor.py:157} INFO - Started process (PID=303) to work on /opt/airflow/dags/exchange_rate_dag.py
[2024-08-25T16:22:36.206+0000] {processor.py:826} INFO - Processing file /opt/airflow/dags/exchange_rate_dag.py for tasks to queue
[2024-08-25T16:22:36.207+0000] {logging_mixin.py:149} INFO - [2024-08-25T16:22:36.207+0000] {dagbag.py:541} INFO - Filling up the DagBag from /opt/airflow/dags/exchange_rate_dag.py
[2024-08-25T16:22:36.227+0000] {processor.py:836} INFO - DAG(s) dict_keys(['currency_exchange_dag']) retrieved from /opt/airflow/dags/exchange_rate_dag.py
[2024-08-25T16:22:36.259+0000] {logging_mixin.py:149} INFO - [2024-08-25T16:22:36.258+0000] {dag.py:2726} INFO - Sync 1 DAGs
[2024-08-25T16:22:36.289+0000] {logging_mixin.py:149} INFO - [2024-08-25T16:22:36.289+0000] {dag.py:3490} INFO - Setting next_dagrun for currency_exchange_dag to 2024-08-25T15:00:00+00:00, run_after=2024-08-25T16:00:00+00:00
[2024-08-25T16:22:36.313+0000] {processor.py:179} INFO - Processing /opt/airflow/dags/exchange_rate_dag.py took 0.111 seconds
[2024-08-25T16:23:06.424+0000] {processor.py:157} INFO - Started process (PID=308) to work on /opt/airflow/dags/exchange_rate_dag.py
[2024-08-25T16:23:06.426+0000] {processor.py:826} INFO - Processing file /opt/airflow/dags/exchange_rate_dag.py for tasks to queue
[2024-08-25T16:23:06.427+0000] {logging_mixin.py:149} INFO - [2024-08-25T16:23:06.427+0000] {dagbag.py:541} INFO - Filling up the DagBag from /opt/airflow/dags/exchange_rate_dag.py
[2024-08-25T16:23:06.453+0000] {processor.py:836} INFO - DAG(s) dict_keys(['currency_exchange_dag']) retrieved from /opt/airflow/dags/exchange_rate_dag.py
[2024-08-25T16:23:06.481+0000] {logging_mixin.py:149} INFO - [2024-08-25T16:23:06.481+0000] {dag.py:2726} INFO - Sync 1 DAGs
[2024-08-25T16:23:06.504+0000] {logging_mixin.py:149} INFO - [2024-08-25T16:23:06.504+0000] {dag.py:3490} INFO - Setting next_dagrun for currency_exchange_dag to 2024-08-25T15:00:00+00:00, run_after=2024-08-25T16:00:00+00:00
[2024-08-25T16:23:06.523+0000] {processor.py:179} INFO - Processing /opt/airflow/dags/exchange_rate_dag.py took 0.102 seconds
[2024-08-25T16:23:36.824+0000] {processor.py:157} INFO - Started process (PID=313) to work on /opt/airflow/dags/exchange_rate_dag.py
[2024-08-25T16:23:36.825+0000] {processor.py:826} INFO - Processing file /opt/airflow/dags/exchange_rate_dag.py for tasks to queue
[2024-08-25T16:23:36.826+0000] {logging_mixin.py:149} INFO - [2024-08-25T16:23:36.826+0000] {dagbag.py:541} INFO - Filling up the DagBag from /opt/airflow/dags/exchange_rate_dag.py
[2024-08-25T16:23:36.853+0000] {processor.py:836} INFO - DAG(s) dict_keys(['currency_exchange_dag']) retrieved from /opt/airflow/dags/exchange_rate_dag.py
[2024-08-25T16:23:36.882+0000] {logging_mixin.py:149} INFO - [2024-08-25T16:23:36.882+0000] {dag.py:2726} INFO - Sync 1 DAGs
[2024-08-25T16:23:36.907+0000] {logging_mixin.py:149} INFO - [2024-08-25T16:23:36.907+0000] {dag.py:3490} INFO - Setting next_dagrun for currency_exchange_dag to 2024-08-25T15:00:00+00:00, run_after=2024-08-25T16:00:00+00:00
[2024-08-25T16:23:36.937+0000] {processor.py:179} INFO - Processing /opt/airflow/dags/exchange_rate_dag.py took 0.115 seconds
[2024-08-25T16:24:07.009+0000] {processor.py:157} INFO - Started process (PID=318) to work on /opt/airflow/dags/exchange_rate_dag.py
[2024-08-25T16:24:07.010+0000] {processor.py:826} INFO - Processing file /opt/airflow/dags/exchange_rate_dag.py for tasks to queue
[2024-08-25T16:24:07.011+0000] {logging_mixin.py:149} INFO - [2024-08-25T16:24:07.011+0000] {dagbag.py:541} INFO - Filling up the DagBag from /opt/airflow/dags/exchange_rate_dag.py
[2024-08-25T16:24:07.044+0000] {processor.py:836} INFO - DAG(s) dict_keys(['currency_exchange_dag']) retrieved from /opt/airflow/dags/exchange_rate_dag.py
[2024-08-25T16:24:07.071+0000] {logging_mixin.py:149} INFO - [2024-08-25T16:24:07.070+0000] {dag.py:2726} INFO - Sync 1 DAGs
[2024-08-25T16:24:07.096+0000] {logging_mixin.py:149} INFO - [2024-08-25T16:24:07.096+0000] {dag.py:3490} INFO - Setting next_dagrun for currency_exchange_dag to 2024-08-25T15:00:00+00:00, run_after=2024-08-25T16:00:00+00:00
[2024-08-25T16:24:07.120+0000] {processor.py:179} INFO - Processing /opt/airflow/dags/exchange_rate_dag.py took 0.114 seconds
[2024-08-25T16:24:37.395+0000] {processor.py:157} INFO - Started process (PID=323) to work on /opt/airflow/dags/exchange_rate_dag.py
[2024-08-25T16:24:37.396+0000] {processor.py:826} INFO - Processing file /opt/airflow/dags/exchange_rate_dag.py for tasks to queue
[2024-08-25T16:24:37.397+0000] {logging_mixin.py:149} INFO - [2024-08-25T16:24:37.396+0000] {dagbag.py:541} INFO - Filling up the DagBag from /opt/airflow/dags/exchange_rate_dag.py
[2024-08-25T16:24:37.426+0000] {processor.py:836} INFO - DAG(s) dict_keys(['currency_exchange_dag']) retrieved from /opt/airflow/dags/exchange_rate_dag.py
[2024-08-25T16:24:37.454+0000] {logging_mixin.py:149} INFO - [2024-08-25T16:24:37.454+0000] {dag.py:2726} INFO - Sync 1 DAGs
[2024-08-25T16:24:37.478+0000] {logging_mixin.py:149} INFO - [2024-08-25T16:24:37.478+0000] {dag.py:3490} INFO - Setting next_dagrun for currency_exchange_dag to 2024-08-25T15:00:00+00:00, run_after=2024-08-25T16:00:00+00:00
[2024-08-25T16:24:37.497+0000] {processor.py:179} INFO - Processing /opt/airflow/dags/exchange_rate_dag.py took 0.105 seconds
[2024-08-25T16:25:07.704+0000] {processor.py:157} INFO - Started process (PID=328) to work on /opt/airflow/dags/exchange_rate_dag.py
[2024-08-25T16:25:07.705+0000] {processor.py:826} INFO - Processing file /opt/airflow/dags/exchange_rate_dag.py for tasks to queue
[2024-08-25T16:25:07.706+0000] {logging_mixin.py:149} INFO - [2024-08-25T16:25:07.706+0000] {dagbag.py:541} INFO - Filling up the DagBag from /opt/airflow/dags/exchange_rate_dag.py
[2024-08-25T16:25:07.746+0000] {processor.py:836} INFO - DAG(s) dict_keys(['currency_exchange_dag']) retrieved from /opt/airflow/dags/exchange_rate_dag.py
[2024-08-25T16:25:07.775+0000] {logging_mixin.py:149} INFO - [2024-08-25T16:25:07.775+0000] {dag.py:2726} INFO - Sync 1 DAGs
[2024-08-25T16:25:07.800+0000] {logging_mixin.py:149} INFO - [2024-08-25T16:25:07.800+0000] {dag.py:3490} INFO - Setting next_dagrun for currency_exchange_dag to 2024-08-25T15:00:00+00:00, run_after=2024-08-25T16:00:00+00:00
[2024-08-25T16:25:07.819+0000] {processor.py:179} INFO - Processing /opt/airflow/dags/exchange_rate_dag.py took 0.118 seconds
[2024-08-25T16:25:37.906+0000] {processor.py:157} INFO - Started process (PID=333) to work on /opt/airflow/dags/exchange_rate_dag.py
[2024-08-25T16:25:37.908+0000] {processor.py:826} INFO - Processing file /opt/airflow/dags/exchange_rate_dag.py for tasks to queue
[2024-08-25T16:25:37.909+0000] {logging_mixin.py:149} INFO - [2024-08-25T16:25:37.908+0000] {dagbag.py:541} INFO - Filling up the DagBag from /opt/airflow/dags/exchange_rate_dag.py
[2024-08-25T16:25:37.931+0000] {processor.py:836} INFO - DAG(s) dict_keys(['currency_exchange_dag']) retrieved from /opt/airflow/dags/exchange_rate_dag.py
[2024-08-25T16:25:37.962+0000] {logging_mixin.py:149} INFO - [2024-08-25T16:25:37.961+0000] {dag.py:2726} INFO - Sync 1 DAGs
[2024-08-25T16:25:37.999+0000] {logging_mixin.py:149} INFO - [2024-08-25T16:25:37.999+0000] {dag.py:3490} INFO - Setting next_dagrun for currency_exchange_dag to 2024-08-25T15:00:00+00:00, run_after=2024-08-25T16:00:00+00:00
[2024-08-25T16:25:38.024+0000] {processor.py:179} INFO - Processing /opt/airflow/dags/exchange_rate_dag.py took 0.121 seconds
[2024-08-25T16:26:08.289+0000] {processor.py:157} INFO - Started process (PID=338) to work on /opt/airflow/dags/exchange_rate_dag.py
[2024-08-25T16:26:08.290+0000] {processor.py:826} INFO - Processing file /opt/airflow/dags/exchange_rate_dag.py for tasks to queue
[2024-08-25T16:26:08.291+0000] {logging_mixin.py:149} INFO - [2024-08-25T16:26:08.291+0000] {dagbag.py:541} INFO - Filling up the DagBag from /opt/airflow/dags/exchange_rate_dag.py
[2024-08-25T16:26:08.322+0000] {processor.py:836} INFO - DAG(s) dict_keys(['currency_exchange_dag']) retrieved from /opt/airflow/dags/exchange_rate_dag.py
[2024-08-25T16:26:08.348+0000] {logging_mixin.py:149} INFO - [2024-08-25T16:26:08.348+0000] {dag.py:2726} INFO - Sync 1 DAGs
[2024-08-25T16:26:08.373+0000] {logging_mixin.py:149} INFO - [2024-08-25T16:26:08.373+0000] {dag.py:3490} INFO - Setting next_dagrun for currency_exchange_dag to 2024-08-25T15:00:00+00:00, run_after=2024-08-25T16:00:00+00:00
[2024-08-25T16:26:08.395+0000] {processor.py:179} INFO - Processing /opt/airflow/dags/exchange_rate_dag.py took 0.109 seconds
[2024-08-25T16:26:38.701+0000] {processor.py:157} INFO - Started process (PID=343) to work on /opt/airflow/dags/exchange_rate_dag.py
[2024-08-25T16:26:38.702+0000] {processor.py:826} INFO - Processing file /opt/airflow/dags/exchange_rate_dag.py for tasks to queue
[2024-08-25T16:26:38.703+0000] {logging_mixin.py:149} INFO - [2024-08-25T16:26:38.703+0000] {dagbag.py:541} INFO - Filling up the DagBag from /opt/airflow/dags/exchange_rate_dag.py
[2024-08-25T16:26:38.735+0000] {processor.py:836} INFO - DAG(s) dict_keys(['currency_exchange_dag']) retrieved from /opt/airflow/dags/exchange_rate_dag.py
[2024-08-25T16:26:38.766+0000] {logging_mixin.py:149} INFO - [2024-08-25T16:26:38.766+0000] {dag.py:2726} INFO - Sync 1 DAGs
[2024-08-25T16:26:38.791+0000] {logging_mixin.py:149} INFO - [2024-08-25T16:26:38.791+0000] {dag.py:3490} INFO - Setting next_dagrun for currency_exchange_dag to 2024-08-25T15:00:00+00:00, run_after=2024-08-25T16:00:00+00:00
[2024-08-25T16:26:38.813+0000] {processor.py:179} INFO - Processing /opt/airflow/dags/exchange_rate_dag.py took 0.116 seconds
[2024-08-25T16:27:09.068+0000] {processor.py:157} INFO - Started process (PID=348) to work on /opt/airflow/dags/exchange_rate_dag.py
[2024-08-25T16:27:09.070+0000] {processor.py:826} INFO - Processing file /opt/airflow/dags/exchange_rate_dag.py for tasks to queue
[2024-08-25T16:27:09.071+0000] {logging_mixin.py:149} INFO - [2024-08-25T16:27:09.071+0000] {dagbag.py:541} INFO - Filling up the DagBag from /opt/airflow/dags/exchange_rate_dag.py
[2024-08-25T16:27:09.094+0000] {processor.py:836} INFO - DAG(s) dict_keys(['currency_exchange_dag']) retrieved from /opt/airflow/dags/exchange_rate_dag.py
[2024-08-25T16:27:09.116+0000] {logging_mixin.py:149} INFO - [2024-08-25T16:27:09.116+0000] {dag.py:2726} INFO - Sync 1 DAGs
[2024-08-25T16:27:09.139+0000] {logging_mixin.py:149} INFO - [2024-08-25T16:27:09.139+0000] {dag.py:3490} INFO - Setting next_dagrun for currency_exchange_dag to 2024-08-25T15:00:00+00:00, run_after=2024-08-25T16:00:00+00:00
[2024-08-25T16:27:09.160+0000] {processor.py:179} INFO - Processing /opt/airflow/dags/exchange_rate_dag.py took 0.094 seconds
[2024-08-25T16:27:39.332+0000] {processor.py:157} INFO - Started process (PID=353) to work on /opt/airflow/dags/exchange_rate_dag.py
[2024-08-25T16:27:39.333+0000] {processor.py:826} INFO - Processing file /opt/airflow/dags/exchange_rate_dag.py for tasks to queue
[2024-08-25T16:27:39.334+0000] {logging_mixin.py:149} INFO - [2024-08-25T16:27:39.334+0000] {dagbag.py:541} INFO - Filling up the DagBag from /opt/airflow/dags/exchange_rate_dag.py
[2024-08-25T16:27:39.355+0000] {processor.py:836} INFO - DAG(s) dict_keys(['currency_exchange_dag']) retrieved from /opt/airflow/dags/exchange_rate_dag.py
[2024-08-25T16:27:39.380+0000] {logging_mixin.py:149} INFO - [2024-08-25T16:27:39.380+0000] {dag.py:2726} INFO - Sync 1 DAGs
[2024-08-25T16:27:39.404+0000] {logging_mixin.py:149} INFO - [2024-08-25T16:27:39.404+0000] {dag.py:3490} INFO - Setting next_dagrun for currency_exchange_dag to 2024-08-25T15:00:00+00:00, run_after=2024-08-25T16:00:00+00:00
[2024-08-25T16:27:39.423+0000] {processor.py:179} INFO - Processing /opt/airflow/dags/exchange_rate_dag.py took 0.093 seconds
[2024-08-25T16:28:09.639+0000] {processor.py:157} INFO - Started process (PID=358) to work on /opt/airflow/dags/exchange_rate_dag.py
[2024-08-25T16:28:09.641+0000] {processor.py:826} INFO - Processing file /opt/airflow/dags/exchange_rate_dag.py for tasks to queue
[2024-08-25T16:28:09.642+0000] {logging_mixin.py:149} INFO - [2024-08-25T16:28:09.642+0000] {dagbag.py:541} INFO - Filling up the DagBag from /opt/airflow/dags/exchange_rate_dag.py
[2024-08-25T16:28:09.674+0000] {processor.py:836} INFO - DAG(s) dict_keys(['currency_exchange_dag']) retrieved from /opt/airflow/dags/exchange_rate_dag.py
[2024-08-25T16:28:09.699+0000] {logging_mixin.py:149} INFO - [2024-08-25T16:28:09.699+0000] {dag.py:2726} INFO - Sync 1 DAGs
[2024-08-25T16:28:09.722+0000] {logging_mixin.py:149} INFO - [2024-08-25T16:28:09.722+0000] {dag.py:3490} INFO - Setting next_dagrun for currency_exchange_dag to 2024-08-25T15:00:00+00:00, run_after=2024-08-25T16:00:00+00:00
[2024-08-25T16:28:09.746+0000] {processor.py:179} INFO - Processing /opt/airflow/dags/exchange_rate_dag.py took 0.108 seconds
[2024-08-25T16:28:40.085+0000] {processor.py:157} INFO - Started process (PID=363) to work on /opt/airflow/dags/exchange_rate_dag.py
[2024-08-25T16:28:40.086+0000] {processor.py:826} INFO - Processing file /opt/airflow/dags/exchange_rate_dag.py for tasks to queue
[2024-08-25T16:28:40.087+0000] {logging_mixin.py:149} INFO - [2024-08-25T16:28:40.087+0000] {dagbag.py:541} INFO - Filling up the DagBag from /opt/airflow/dags/exchange_rate_dag.py
[2024-08-25T16:28:40.107+0000] {processor.py:836} INFO - DAG(s) dict_keys(['currency_exchange_dag']) retrieved from /opt/airflow/dags/exchange_rate_dag.py
[2024-08-25T16:28:40.131+0000] {logging_mixin.py:149} INFO - [2024-08-25T16:28:40.131+0000] {dag.py:2726} INFO - Sync 1 DAGs
[2024-08-25T16:28:40.156+0000] {logging_mixin.py:149} INFO - [2024-08-25T16:28:40.156+0000] {dag.py:3490} INFO - Setting next_dagrun for currency_exchange_dag to 2024-08-25T15:00:00+00:00, run_after=2024-08-25T16:00:00+00:00
[2024-08-25T16:28:40.177+0000] {processor.py:179} INFO - Processing /opt/airflow/dags/exchange_rate_dag.py took 0.094 seconds
[2024-08-25T16:29:10.470+0000] {processor.py:157} INFO - Started process (PID=368) to work on /opt/airflow/dags/exchange_rate_dag.py
[2024-08-25T16:29:10.471+0000] {processor.py:826} INFO - Processing file /opt/airflow/dags/exchange_rate_dag.py for tasks to queue
[2024-08-25T16:29:10.472+0000] {logging_mixin.py:149} INFO - [2024-08-25T16:29:10.472+0000] {dagbag.py:541} INFO - Filling up the DagBag from /opt/airflow/dags/exchange_rate_dag.py
[2024-08-25T16:29:10.500+0000] {processor.py:836} INFO - DAG(s) dict_keys(['currency_exchange_dag']) retrieved from /opt/airflow/dags/exchange_rate_dag.py
[2024-08-25T16:29:10.529+0000] {logging_mixin.py:149} INFO - [2024-08-25T16:29:10.529+0000] {dag.py:2726} INFO - Sync 1 DAGs
[2024-08-25T16:29:10.553+0000] {logging_mixin.py:149} INFO - [2024-08-25T16:29:10.553+0000] {dag.py:3490} INFO - Setting next_dagrun for currency_exchange_dag to 2024-08-25T15:00:00+00:00, run_after=2024-08-25T16:00:00+00:00
[2024-08-25T16:29:10.574+0000] {processor.py:179} INFO - Processing /opt/airflow/dags/exchange_rate_dag.py took 0.107 seconds
[2024-08-25T16:29:40.745+0000] {processor.py:157} INFO - Started process (PID=373) to work on /opt/airflow/dags/exchange_rate_dag.py
[2024-08-25T16:29:40.748+0000] {processor.py:826} INFO - Processing file /opt/airflow/dags/exchange_rate_dag.py for tasks to queue
[2024-08-25T16:29:40.750+0000] {logging_mixin.py:149} INFO - [2024-08-25T16:29:40.750+0000] {dagbag.py:541} INFO - Filling up the DagBag from /opt/airflow/dags/exchange_rate_dag.py
[2024-08-25T16:29:40.802+0000] {processor.py:836} INFO - DAG(s) dict_keys(['currency_exchange_dag']) retrieved from /opt/airflow/dags/exchange_rate_dag.py
[2024-08-25T16:29:40.838+0000] {logging_mixin.py:149} INFO - [2024-08-25T16:29:40.838+0000] {dag.py:2726} INFO - Sync 1 DAGs
[2024-08-25T16:29:40.874+0000] {logging_mixin.py:149} INFO - [2024-08-25T16:29:40.874+0000] {dag.py:3490} INFO - Setting next_dagrun for currency_exchange_dag to 2024-08-25T15:00:00+00:00, run_after=2024-08-25T16:00:00+00:00
[2024-08-25T16:29:40.913+0000] {processor.py:179} INFO - Processing /opt/airflow/dags/exchange_rate_dag.py took 0.173 seconds
[2024-08-25T16:30:11.017+0000] {processor.py:157} INFO - Started process (PID=378) to work on /opt/airflow/dags/exchange_rate_dag.py
[2024-08-25T16:30:11.018+0000] {processor.py:826} INFO - Processing file /opt/airflow/dags/exchange_rate_dag.py for tasks to queue
[2024-08-25T16:30:11.019+0000] {logging_mixin.py:149} INFO - [2024-08-25T16:30:11.019+0000] {dagbag.py:541} INFO - Filling up the DagBag from /opt/airflow/dags/exchange_rate_dag.py
[2024-08-25T16:30:11.043+0000] {processor.py:836} INFO - DAG(s) dict_keys(['currency_exchange_dag']) retrieved from /opt/airflow/dags/exchange_rate_dag.py
[2024-08-25T16:30:11.070+0000] {logging_mixin.py:149} INFO - [2024-08-25T16:30:11.070+0000] {dag.py:2726} INFO - Sync 1 DAGs
[2024-08-25T16:30:11.093+0000] {logging_mixin.py:149} INFO - [2024-08-25T16:30:11.093+0000] {dag.py:3490} INFO - Setting next_dagrun for currency_exchange_dag to 2024-08-25T15:00:00+00:00, run_after=2024-08-25T16:00:00+00:00
[2024-08-25T16:30:11.114+0000] {processor.py:179} INFO - Processing /opt/airflow/dags/exchange_rate_dag.py took 0.100 seconds
[2024-08-25T16:30:41.357+0000] {processor.py:157} INFO - Started process (PID=383) to work on /opt/airflow/dags/exchange_rate_dag.py
[2024-08-25T16:30:41.358+0000] {processor.py:826} INFO - Processing file /opt/airflow/dags/exchange_rate_dag.py for tasks to queue
[2024-08-25T16:30:41.359+0000] {logging_mixin.py:149} INFO - [2024-08-25T16:30:41.359+0000] {dagbag.py:541} INFO - Filling up the DagBag from /opt/airflow/dags/exchange_rate_dag.py
[2024-08-25T16:30:41.393+0000] {processor.py:836} INFO - DAG(s) dict_keys(['currency_exchange_dag']) retrieved from /opt/airflow/dags/exchange_rate_dag.py
[2024-08-25T16:30:41.420+0000] {logging_mixin.py:149} INFO - [2024-08-25T16:30:41.420+0000] {dag.py:2726} INFO - Sync 1 DAGs
[2024-08-25T16:30:41.453+0000] {logging_mixin.py:149} INFO - [2024-08-25T16:30:41.453+0000] {dag.py:3490} INFO - Setting next_dagrun for currency_exchange_dag to 2024-08-25T15:00:00+00:00, run_after=2024-08-25T16:00:00+00:00
[2024-08-25T16:30:41.479+0000] {processor.py:179} INFO - Processing /opt/airflow/dags/exchange_rate_dag.py took 0.124 seconds
[2024-08-25T16:31:11.594+0000] {processor.py:157} INFO - Started process (PID=388) to work on /opt/airflow/dags/exchange_rate_dag.py
[2024-08-25T16:31:11.595+0000] {processor.py:826} INFO - Processing file /opt/airflow/dags/exchange_rate_dag.py for tasks to queue
[2024-08-25T16:31:11.596+0000] {logging_mixin.py:149} INFO - [2024-08-25T16:31:11.596+0000] {dagbag.py:541} INFO - Filling up the DagBag from /opt/airflow/dags/exchange_rate_dag.py
[2024-08-25T16:31:11.635+0000] {processor.py:836} INFO - DAG(s) dict_keys(['currency_exchange_dag']) retrieved from /opt/airflow/dags/exchange_rate_dag.py
[2024-08-25T16:31:11.662+0000] {logging_mixin.py:149} INFO - [2024-08-25T16:31:11.662+0000] {dag.py:2726} INFO - Sync 1 DAGs
[2024-08-25T16:31:11.687+0000] {logging_mixin.py:149} INFO - [2024-08-25T16:31:11.687+0000] {dag.py:3490} INFO - Setting next_dagrun for currency_exchange_dag to 2024-08-25T15:00:00+00:00, run_after=2024-08-25T16:00:00+00:00
[2024-08-25T16:31:11.709+0000] {processor.py:179} INFO - Processing /opt/airflow/dags/exchange_rate_dag.py took 0.118 seconds
[2024-08-25T16:31:41.812+0000] {processor.py:157} INFO - Started process (PID=393) to work on /opt/airflow/dags/exchange_rate_dag.py
[2024-08-25T16:31:41.813+0000] {processor.py:826} INFO - Processing file /opt/airflow/dags/exchange_rate_dag.py for tasks to queue
[2024-08-25T16:31:41.814+0000] {logging_mixin.py:149} INFO - [2024-08-25T16:31:41.814+0000] {dagbag.py:541} INFO - Filling up the DagBag from /opt/airflow/dags/exchange_rate_dag.py
[2024-08-25T16:31:41.858+0000] {processor.py:836} INFO - DAG(s) dict_keys(['currency_exchange_dag']) retrieved from /opt/airflow/dags/exchange_rate_dag.py
[2024-08-25T16:31:41.889+0000] {logging_mixin.py:149} INFO - [2024-08-25T16:31:41.889+0000] {dag.py:2726} INFO - Sync 1 DAGs
[2024-08-25T16:31:41.916+0000] {logging_mixin.py:149} INFO - [2024-08-25T16:31:41.916+0000] {dag.py:3490} INFO - Setting next_dagrun for currency_exchange_dag to 2024-08-25T15:00:00+00:00, run_after=2024-08-25T16:00:00+00:00
[2024-08-25T16:31:41.940+0000] {processor.py:179} INFO - Processing /opt/airflow/dags/exchange_rate_dag.py took 0.130 seconds
[2024-08-25T16:32:12.344+0000] {processor.py:157} INFO - Started process (PID=398) to work on /opt/airflow/dags/exchange_rate_dag.py
[2024-08-25T16:32:12.347+0000] {processor.py:826} INFO - Processing file /opt/airflow/dags/exchange_rate_dag.py for tasks to queue
[2024-08-25T16:32:12.348+0000] {logging_mixin.py:149} INFO - [2024-08-25T16:32:12.348+0000] {dagbag.py:541} INFO - Filling up the DagBag from /opt/airflow/dags/exchange_rate_dag.py
[2024-08-25T16:32:12.392+0000] {processor.py:836} INFO - DAG(s) dict_keys(['currency_exchange_dag']) retrieved from /opt/airflow/dags/exchange_rate_dag.py
[2024-08-25T16:32:12.415+0000] {logging_mixin.py:149} INFO - [2024-08-25T16:32:12.415+0000] {dag.py:2726} INFO - Sync 1 DAGs
[2024-08-25T16:32:12.435+0000] {logging_mixin.py:149} INFO - [2024-08-25T16:32:12.435+0000] {dag.py:3490} INFO - Setting next_dagrun for currency_exchange_dag to 2024-08-25T15:00:00+00:00, run_after=2024-08-25T16:00:00+00:00
[2024-08-25T16:32:12.458+0000] {processor.py:179} INFO - Processing /opt/airflow/dags/exchange_rate_dag.py took 0.117 seconds
[2024-08-25T16:32:42.600+0000] {processor.py:157} INFO - Started process (PID=403) to work on /opt/airflow/dags/exchange_rate_dag.py
[2024-08-25T16:32:42.601+0000] {processor.py:826} INFO - Processing file /opt/airflow/dags/exchange_rate_dag.py for tasks to queue
[2024-08-25T16:32:42.602+0000] {logging_mixin.py:149} INFO - [2024-08-25T16:32:42.602+0000] {dagbag.py:541} INFO - Filling up the DagBag from /opt/airflow/dags/exchange_rate_dag.py
[2024-08-25T16:32:42.624+0000] {processor.py:836} INFO - DAG(s) dict_keys(['currency_exchange_dag']) retrieved from /opt/airflow/dags/exchange_rate_dag.py
[2024-08-25T16:32:42.652+0000] {logging_mixin.py:149} INFO - [2024-08-25T16:32:42.652+0000] {dag.py:2726} INFO - Sync 1 DAGs
[2024-08-25T16:32:42.686+0000] {logging_mixin.py:149} INFO - [2024-08-25T16:32:42.686+0000] {dag.py:3490} INFO - Setting next_dagrun for currency_exchange_dag to 2024-08-25T15:00:00+00:00, run_after=2024-08-25T16:00:00+00:00
[2024-08-25T16:32:42.712+0000] {processor.py:179} INFO - Processing /opt/airflow/dags/exchange_rate_dag.py took 0.114 seconds
[2024-08-25T16:33:13.295+0000] {processor.py:157} INFO - Started process (PID=408) to work on /opt/airflow/dags/exchange_rate_dag.py
[2024-08-25T16:33:13.297+0000] {processor.py:826} INFO - Processing file /opt/airflow/dags/exchange_rate_dag.py for tasks to queue
[2024-08-25T16:33:13.301+0000] {logging_mixin.py:149} INFO - [2024-08-25T16:33:13.301+0000] {dagbag.py:541} INFO - Filling up the DagBag from /opt/airflow/dags/exchange_rate_dag.py
[2024-08-25T16:33:13.370+0000] {processor.py:836} INFO - DAG(s) dict_keys(['currency_exchange_dag']) retrieved from /opt/airflow/dags/exchange_rate_dag.py
[2024-08-25T16:33:13.404+0000] {logging_mixin.py:149} INFO - [2024-08-25T16:33:13.404+0000] {dag.py:2726} INFO - Sync 1 DAGs
[2024-08-25T16:33:13.436+0000] {logging_mixin.py:149} INFO - [2024-08-25T16:33:13.436+0000] {dag.py:3490} INFO - Setting next_dagrun for currency_exchange_dag to 2024-08-25T15:00:00+00:00, run_after=2024-08-25T16:00:00+00:00
[2024-08-25T16:33:13.470+0000] {processor.py:179} INFO - Processing /opt/airflow/dags/exchange_rate_dag.py took 0.178 seconds
[2024-08-25T16:33:43.767+0000] {processor.py:157} INFO - Started process (PID=413) to work on /opt/airflow/dags/exchange_rate_dag.py
[2024-08-25T16:33:43.769+0000] {processor.py:826} INFO - Processing file /opt/airflow/dags/exchange_rate_dag.py for tasks to queue
[2024-08-25T16:33:43.770+0000] {logging_mixin.py:149} INFO - [2024-08-25T16:33:43.770+0000] {dagbag.py:541} INFO - Filling up the DagBag from /opt/airflow/dags/exchange_rate_dag.py
[2024-08-25T16:33:43.796+0000] {processor.py:836} INFO - DAG(s) dict_keys(['currency_exchange_dag']) retrieved from /opt/airflow/dags/exchange_rate_dag.py
[2024-08-25T16:33:43.822+0000] {logging_mixin.py:149} INFO - [2024-08-25T16:33:43.822+0000] {dag.py:2726} INFO - Sync 1 DAGs
[2024-08-25T16:33:43.848+0000] {logging_mixin.py:149} INFO - [2024-08-25T16:33:43.848+0000] {dag.py:3490} INFO - Setting next_dagrun for currency_exchange_dag to 2024-08-25T15:00:00+00:00, run_after=2024-08-25T16:00:00+00:00
[2024-08-25T16:33:43.868+0000] {processor.py:179} INFO - Processing /opt/airflow/dags/exchange_rate_dag.py took 0.103 seconds
[2024-08-25T16:34:14.198+0000] {processor.py:157} INFO - Started process (PID=418) to work on /opt/airflow/dags/exchange_rate_dag.py
[2024-08-25T16:34:14.199+0000] {processor.py:826} INFO - Processing file /opt/airflow/dags/exchange_rate_dag.py for tasks to queue
[2024-08-25T16:34:14.200+0000] {logging_mixin.py:149} INFO - [2024-08-25T16:34:14.200+0000] {dagbag.py:541} INFO - Filling up the DagBag from /opt/airflow/dags/exchange_rate_dag.py
[2024-08-25T16:34:14.238+0000] {processor.py:836} INFO - DAG(s) dict_keys(['currency_exchange_dag']) retrieved from /opt/airflow/dags/exchange_rate_dag.py
[2024-08-25T16:34:14.268+0000] {logging_mixin.py:149} INFO - [2024-08-25T16:34:14.268+0000] {dag.py:2726} INFO - Sync 1 DAGs
[2024-08-25T16:34:14.297+0000] {logging_mixin.py:149} INFO - [2024-08-25T16:34:14.297+0000] {dag.py:3490} INFO - Setting next_dagrun for currency_exchange_dag to 2024-08-25T15:00:00+00:00, run_after=2024-08-25T16:00:00+00:00
[2024-08-25T16:34:14.321+0000] {processor.py:179} INFO - Processing /opt/airflow/dags/exchange_rate_dag.py took 0.125 seconds
[2024-08-25T16:34:44.422+0000] {processor.py:157} INFO - Started process (PID=423) to work on /opt/airflow/dags/exchange_rate_dag.py
[2024-08-25T16:34:44.423+0000] {processor.py:826} INFO - Processing file /opt/airflow/dags/exchange_rate_dag.py for tasks to queue
[2024-08-25T16:34:44.424+0000] {logging_mixin.py:149} INFO - [2024-08-25T16:34:44.424+0000] {dagbag.py:541} INFO - Filling up the DagBag from /opt/airflow/dags/exchange_rate_dag.py
[2024-08-25T16:34:44.456+0000] {processor.py:836} INFO - DAG(s) dict_keys(['currency_exchange_dag']) retrieved from /opt/airflow/dags/exchange_rate_dag.py
[2024-08-25T16:34:44.488+0000] {logging_mixin.py:149} INFO - [2024-08-25T16:34:44.488+0000] {dag.py:2726} INFO - Sync 1 DAGs
[2024-08-25T16:34:44.514+0000] {logging_mixin.py:149} INFO - [2024-08-25T16:34:44.514+0000] {dag.py:3490} INFO - Setting next_dagrun for currency_exchange_dag to 2024-08-25T15:00:00+00:00, run_after=2024-08-25T16:00:00+00:00
[2024-08-25T16:34:44.539+0000] {processor.py:179} INFO - Processing /opt/airflow/dags/exchange_rate_dag.py took 0.120 seconds
[2024-08-25T16:35:14.597+0000] {processor.py:157} INFO - Started process (PID=428) to work on /opt/airflow/dags/exchange_rate_dag.py
[2024-08-25T16:35:14.598+0000] {processor.py:826} INFO - Processing file /opt/airflow/dags/exchange_rate_dag.py for tasks to queue
[2024-08-25T16:35:14.599+0000] {logging_mixin.py:149} INFO - [2024-08-25T16:35:14.599+0000] {dagbag.py:541} INFO - Filling up the DagBag from /opt/airflow/dags/exchange_rate_dag.py
[2024-08-25T16:35:14.629+0000] {processor.py:836} INFO - DAG(s) dict_keys(['currency_exchange_dag']) retrieved from /opt/airflow/dags/exchange_rate_dag.py
[2024-08-25T16:35:14.656+0000] {logging_mixin.py:149} INFO - [2024-08-25T16:35:14.656+0000] {dag.py:2726} INFO - Sync 1 DAGs
[2024-08-25T16:35:14.681+0000] {logging_mixin.py:149} INFO - [2024-08-25T16:35:14.681+0000] {dag.py:3490} INFO - Setting next_dagrun for currency_exchange_dag to 2024-08-25T15:00:00+00:00, run_after=2024-08-25T16:00:00+00:00
[2024-08-25T16:35:14.702+0000] {processor.py:179} INFO - Processing /opt/airflow/dags/exchange_rate_dag.py took 0.108 seconds
[2024-08-25T16:35:44.889+0000] {processor.py:157} INFO - Started process (PID=433) to work on /opt/airflow/dags/exchange_rate_dag.py
[2024-08-25T16:35:44.890+0000] {processor.py:826} INFO - Processing file /opt/airflow/dags/exchange_rate_dag.py for tasks to queue
[2024-08-25T16:35:44.891+0000] {logging_mixin.py:149} INFO - [2024-08-25T16:35:44.891+0000] {dagbag.py:541} INFO - Filling up the DagBag from /opt/airflow/dags/exchange_rate_dag.py
[2024-08-25T16:35:44.918+0000] {processor.py:836} INFO - DAG(s) dict_keys(['currency_exchange_dag']) retrieved from /opt/airflow/dags/exchange_rate_dag.py
[2024-08-25T16:35:44.945+0000] {logging_mixin.py:149} INFO - [2024-08-25T16:35:44.945+0000] {dag.py:2726} INFO - Sync 1 DAGs
[2024-08-25T16:35:44.968+0000] {logging_mixin.py:149} INFO - [2024-08-25T16:35:44.968+0000] {dag.py:3490} INFO - Setting next_dagrun for currency_exchange_dag to 2024-08-25T15:00:00+00:00, run_after=2024-08-25T16:00:00+00:00
[2024-08-25T16:35:44.989+0000] {processor.py:179} INFO - Processing /opt/airflow/dags/exchange_rate_dag.py took 0.102 seconds
[2024-08-25T16:36:15.080+0000] {processor.py:157} INFO - Started process (PID=438) to work on /opt/airflow/dags/exchange_rate_dag.py
[2024-08-25T16:36:15.081+0000] {processor.py:826} INFO - Processing file /opt/airflow/dags/exchange_rate_dag.py for tasks to queue
[2024-08-25T16:36:15.082+0000] {logging_mixin.py:149} INFO - [2024-08-25T16:36:15.081+0000] {dagbag.py:541} INFO - Filling up the DagBag from /opt/airflow/dags/exchange_rate_dag.py
[2024-08-25T16:36:15.104+0000] {processor.py:836} INFO - DAG(s) dict_keys(['currency_exchange_dag']) retrieved from /opt/airflow/dags/exchange_rate_dag.py
[2024-08-25T16:36:15.132+0000] {logging_mixin.py:149} INFO - [2024-08-25T16:36:15.132+0000] {dag.py:2726} INFO - Sync 1 DAGs
[2024-08-25T16:36:15.157+0000] {logging_mixin.py:149} INFO - [2024-08-25T16:36:15.157+0000] {dag.py:3490} INFO - Setting next_dagrun for currency_exchange_dag to 2024-08-25T15:00:00+00:00, run_after=2024-08-25T16:00:00+00:00
[2024-08-25T16:36:15.278+0000] {processor.py:179} INFO - Processing /opt/airflow/dags/exchange_rate_dag.py took 0.201 seconds
[2024-08-25T16:36:45.427+0000] {processor.py:157} INFO - Started process (PID=443) to work on /opt/airflow/dags/exchange_rate_dag.py
[2024-08-25T16:36:45.428+0000] {processor.py:826} INFO - Processing file /opt/airflow/dags/exchange_rate_dag.py for tasks to queue
[2024-08-25T16:36:45.430+0000] {logging_mixin.py:149} INFO - [2024-08-25T16:36:45.429+0000] {dagbag.py:541} INFO - Filling up the DagBag from /opt/airflow/dags/exchange_rate_dag.py
[2024-08-25T16:36:45.464+0000] {processor.py:836} INFO - DAG(s) dict_keys(['currency_exchange_dag']) retrieved from /opt/airflow/dags/exchange_rate_dag.py
[2024-08-25T16:36:45.489+0000] {logging_mixin.py:149} INFO - [2024-08-25T16:36:45.489+0000] {dag.py:2726} INFO - Sync 1 DAGs
[2024-08-25T16:36:45.513+0000] {logging_mixin.py:149} INFO - [2024-08-25T16:36:45.513+0000] {dag.py:3490} INFO - Setting next_dagrun for currency_exchange_dag to 2024-08-25T15:00:00+00:00, run_after=2024-08-25T16:00:00+00:00
[2024-08-25T16:36:45.535+0000] {processor.py:179} INFO - Processing /opt/airflow/dags/exchange_rate_dag.py took 0.111 seconds
[2024-08-25T16:37:15.679+0000] {processor.py:157} INFO - Started process (PID=448) to work on /opt/airflow/dags/exchange_rate_dag.py
[2024-08-25T16:37:15.680+0000] {processor.py:826} INFO - Processing file /opt/airflow/dags/exchange_rate_dag.py for tasks to queue
[2024-08-25T16:37:15.681+0000] {logging_mixin.py:149} INFO - [2024-08-25T16:37:15.681+0000] {dagbag.py:541} INFO - Filling up the DagBag from /opt/airflow/dags/exchange_rate_dag.py
[2024-08-25T16:37:15.717+0000] {processor.py:836} INFO - DAG(s) dict_keys(['currency_exchange_dag']) retrieved from /opt/airflow/dags/exchange_rate_dag.py
[2024-08-25T16:37:15.745+0000] {logging_mixin.py:149} INFO - [2024-08-25T16:37:15.745+0000] {dag.py:2726} INFO - Sync 1 DAGs
[2024-08-25T16:37:15.770+0000] {logging_mixin.py:149} INFO - [2024-08-25T16:37:15.770+0000] {dag.py:3490} INFO - Setting next_dagrun for currency_exchange_dag to 2024-08-25T15:00:00+00:00, run_after=2024-08-25T16:00:00+00:00
[2024-08-25T16:37:15.797+0000] {processor.py:179} INFO - Processing /opt/airflow/dags/exchange_rate_dag.py took 0.121 seconds
[2024-08-25T16:37:45.919+0000] {processor.py:157} INFO - Started process (PID=453) to work on /opt/airflow/dags/exchange_rate_dag.py
[2024-08-25T16:37:45.921+0000] {processor.py:826} INFO - Processing file /opt/airflow/dags/exchange_rate_dag.py for tasks to queue
[2024-08-25T16:37:45.922+0000] {logging_mixin.py:149} INFO - [2024-08-25T16:37:45.921+0000] {dagbag.py:541} INFO - Filling up the DagBag from /opt/airflow/dags/exchange_rate_dag.py
[2024-08-25T16:37:45.953+0000] {processor.py:836} INFO - DAG(s) dict_keys(['currency_exchange_dag']) retrieved from /opt/airflow/dags/exchange_rate_dag.py
[2024-08-25T16:37:45.990+0000] {logging_mixin.py:149} INFO - [2024-08-25T16:37:45.990+0000] {dag.py:2726} INFO - Sync 1 DAGs
[2024-08-25T16:37:46.029+0000] {logging_mixin.py:149} INFO - [2024-08-25T16:37:46.029+0000] {dag.py:3490} INFO - Setting next_dagrun for currency_exchange_dag to 2024-08-25T15:00:00+00:00, run_after=2024-08-25T16:00:00+00:00
[2024-08-25T16:37:46.058+0000] {processor.py:179} INFO - Processing /opt/airflow/dags/exchange_rate_dag.py took 0.141 seconds
[2024-08-25T16:38:16.193+0000] {processor.py:157} INFO - Started process (PID=458) to work on /opt/airflow/dags/exchange_rate_dag.py
[2024-08-25T16:38:16.194+0000] {processor.py:826} INFO - Processing file /opt/airflow/dags/exchange_rate_dag.py for tasks to queue
[2024-08-25T16:38:16.195+0000] {logging_mixin.py:149} INFO - [2024-08-25T16:38:16.195+0000] {dagbag.py:541} INFO - Filling up the DagBag from /opt/airflow/dags/exchange_rate_dag.py
[2024-08-25T16:38:16.214+0000] {processor.py:836} INFO - DAG(s) dict_keys(['currency_exchange_dag']) retrieved from /opt/airflow/dags/exchange_rate_dag.py
[2024-08-25T16:38:16.239+0000] {logging_mixin.py:149} INFO - [2024-08-25T16:38:16.239+0000] {dag.py:2726} INFO - Sync 1 DAGs
[2024-08-25T16:38:16.263+0000] {logging_mixin.py:149} INFO - [2024-08-25T16:38:16.263+0000] {dag.py:3490} INFO - Setting next_dagrun for currency_exchange_dag to 2024-08-25T15:00:00+00:00, run_after=2024-08-25T16:00:00+00:00
[2024-08-25T16:38:16.281+0000] {processor.py:179} INFO - Processing /opt/airflow/dags/exchange_rate_dag.py took 0.091 seconds
[2024-08-25T16:38:47.120+0000] {processor.py:157} INFO - Started process (PID=463) to work on /opt/airflow/dags/exchange_rate_dag.py
[2024-08-25T16:38:47.121+0000] {processor.py:826} INFO - Processing file /opt/airflow/dags/exchange_rate_dag.py for tasks to queue
[2024-08-25T16:38:47.121+0000] {logging_mixin.py:149} INFO - [2024-08-25T16:38:47.121+0000] {dagbag.py:541} INFO - Filling up the DagBag from /opt/airflow/dags/exchange_rate_dag.py
[2024-08-25T16:38:47.171+0000] {processor.py:836} INFO - DAG(s) dict_keys(['currency_exchange_dag']) retrieved from /opt/airflow/dags/exchange_rate_dag.py
[2024-08-25T16:38:47.304+0000] {logging_mixin.py:149} INFO - [2024-08-25T16:38:47.304+0000] {dag.py:2726} INFO - Sync 1 DAGs
[2024-08-25T16:38:47.338+0000] {logging_mixin.py:149} INFO - [2024-08-25T16:38:47.338+0000] {dag.py:3490} INFO - Setting next_dagrun for currency_exchange_dag to 2024-08-25T15:00:00+00:00, run_after=2024-08-25T16:00:00+00:00
[2024-08-25T16:38:47.364+0000] {processor.py:179} INFO - Processing /opt/airflow/dags/exchange_rate_dag.py took 0.247 seconds
[2024-08-25T16:39:17.651+0000] {processor.py:157} INFO - Started process (PID=468) to work on /opt/airflow/dags/exchange_rate_dag.py
[2024-08-25T16:39:17.652+0000] {processor.py:826} INFO - Processing file /opt/airflow/dags/exchange_rate_dag.py for tasks to queue
[2024-08-25T16:39:17.653+0000] {logging_mixin.py:149} INFO - [2024-08-25T16:39:17.653+0000] {dagbag.py:541} INFO - Filling up the DagBag from /opt/airflow/dags/exchange_rate_dag.py
[2024-08-25T16:39:17.683+0000] {processor.py:836} INFO - DAG(s) dict_keys(['currency_exchange_dag']) retrieved from /opt/airflow/dags/exchange_rate_dag.py
[2024-08-25T16:39:17.708+0000] {logging_mixin.py:149} INFO - [2024-08-25T16:39:17.708+0000] {dag.py:2726} INFO - Sync 1 DAGs
[2024-08-25T16:39:17.732+0000] {logging_mixin.py:149} INFO - [2024-08-25T16:39:17.732+0000] {dag.py:3490} INFO - Setting next_dagrun for currency_exchange_dag to 2024-08-25T15:00:00+00:00, run_after=2024-08-25T16:00:00+00:00
[2024-08-25T16:39:17.751+0000] {processor.py:179} INFO - Processing /opt/airflow/dags/exchange_rate_dag.py took 0.103 seconds
[2024-08-25T16:39:48.350+0000] {processor.py:157} INFO - Started process (PID=473) to work on /opt/airflow/dags/exchange_rate_dag.py
[2024-08-25T16:39:48.352+0000] {processor.py:826} INFO - Processing file /opt/airflow/dags/exchange_rate_dag.py for tasks to queue
[2024-08-25T16:39:48.353+0000] {logging_mixin.py:149} INFO - [2024-08-25T16:39:48.353+0000] {dagbag.py:541} INFO - Filling up the DagBag from /opt/airflow/dags/exchange_rate_dag.py
[2024-08-25T16:39:48.397+0000] {processor.py:836} INFO - DAG(s) dict_keys(['currency_exchange_dag']) retrieved from /opt/airflow/dags/exchange_rate_dag.py
[2024-08-25T16:39:48.449+0000] {logging_mixin.py:149} INFO - [2024-08-25T16:39:48.449+0000] {dag.py:2726} INFO - Sync 1 DAGs
[2024-08-25T16:39:48.480+0000] {logging_mixin.py:149} INFO - [2024-08-25T16:39:48.480+0000] {dag.py:3490} INFO - Setting next_dagrun for currency_exchange_dag to 2024-08-25T15:00:00+00:00, run_after=2024-08-25T16:00:00+00:00
[2024-08-25T16:39:48.510+0000] {processor.py:179} INFO - Processing /opt/airflow/dags/exchange_rate_dag.py took 0.164 seconds
[2024-08-25T16:40:18.688+0000] {processor.py:157} INFO - Started process (PID=478) to work on /opt/airflow/dags/exchange_rate_dag.py
[2024-08-25T16:40:18.690+0000] {processor.py:826} INFO - Processing file /opt/airflow/dags/exchange_rate_dag.py for tasks to queue
[2024-08-25T16:40:18.691+0000] {logging_mixin.py:149} INFO - [2024-08-25T16:40:18.691+0000] {dagbag.py:541} INFO - Filling up the DagBag from /opt/airflow/dags/exchange_rate_dag.py
[2024-08-25T16:40:18.738+0000] {processor.py:836} INFO - DAG(s) dict_keys(['currency_exchange_dag']) retrieved from /opt/airflow/dags/exchange_rate_dag.py
[2024-08-25T16:40:18.782+0000] {logging_mixin.py:149} INFO - [2024-08-25T16:40:18.781+0000] {dag.py:2726} INFO - Sync 1 DAGs
[2024-08-25T16:40:18.825+0000] {logging_mixin.py:149} INFO - [2024-08-25T16:40:18.825+0000] {dag.py:3490} INFO - Setting next_dagrun for currency_exchange_dag to 2024-08-25T15:00:00+00:00, run_after=2024-08-25T16:00:00+00:00
[2024-08-25T16:40:18.848+0000] {processor.py:179} INFO - Processing /opt/airflow/dags/exchange_rate_dag.py took 0.165 seconds
[2024-08-25T16:40:49.032+0000] {processor.py:157} INFO - Started process (PID=483) to work on /opt/airflow/dags/exchange_rate_dag.py
[2024-08-25T16:40:49.033+0000] {processor.py:826} INFO - Processing file /opt/airflow/dags/exchange_rate_dag.py for tasks to queue
[2024-08-25T16:40:49.034+0000] {logging_mixin.py:149} INFO - [2024-08-25T16:40:49.034+0000] {dagbag.py:541} INFO - Filling up the DagBag from /opt/airflow/dags/exchange_rate_dag.py
[2024-08-25T16:40:49.070+0000] {processor.py:836} INFO - DAG(s) dict_keys(['currency_exchange_dag']) retrieved from /opt/airflow/dags/exchange_rate_dag.py
[2024-08-25T16:40:49.110+0000] {logging_mixin.py:149} INFO - [2024-08-25T16:40:49.109+0000] {dag.py:2726} INFO - Sync 1 DAGs
[2024-08-25T16:40:49.147+0000] {logging_mixin.py:149} INFO - [2024-08-25T16:40:49.147+0000] {dag.py:3490} INFO - Setting next_dagrun for currency_exchange_dag to 2024-08-25T15:00:00+00:00, run_after=2024-08-25T16:00:00+00:00
[2024-08-25T16:40:49.172+0000] {processor.py:179} INFO - Processing /opt/airflow/dags/exchange_rate_dag.py took 0.143 seconds
[2024-08-25T16:41:19.639+0000] {processor.py:157} INFO - Started process (PID=488) to work on /opt/airflow/dags/exchange_rate_dag.py
[2024-08-25T16:41:19.640+0000] {processor.py:826} INFO - Processing file /opt/airflow/dags/exchange_rate_dag.py for tasks to queue
[2024-08-25T16:41:19.641+0000] {logging_mixin.py:149} INFO - [2024-08-25T16:41:19.641+0000] {dagbag.py:541} INFO - Filling up the DagBag from /opt/airflow/dags/exchange_rate_dag.py
[2024-08-25T16:41:19.664+0000] {processor.py:836} INFO - DAG(s) dict_keys(['currency_exchange_dag']) retrieved from /opt/airflow/dags/exchange_rate_dag.py
[2024-08-25T16:41:19.713+0000] {logging_mixin.py:149} INFO - [2024-08-25T16:41:19.712+0000] {dag.py:2726} INFO - Sync 1 DAGs
[2024-08-25T16:41:19.743+0000] {logging_mixin.py:149} INFO - [2024-08-25T16:41:19.743+0000] {dag.py:3490} INFO - Setting next_dagrun for currency_exchange_dag to 2024-08-25T15:00:00+00:00, run_after=2024-08-25T16:00:00+00:00
[2024-08-25T16:41:19.818+0000] {processor.py:179} INFO - Processing /opt/airflow/dags/exchange_rate_dag.py took 0.181 seconds
[2024-08-25T16:41:50.070+0000] {processor.py:157} INFO - Started process (PID=493) to work on /opt/airflow/dags/exchange_rate_dag.py
[2024-08-25T16:41:50.072+0000] {processor.py:826} INFO - Processing file /opt/airflow/dags/exchange_rate_dag.py for tasks to queue
[2024-08-25T16:41:50.081+0000] {logging_mixin.py:149} INFO - [2024-08-25T16:41:50.081+0000] {dagbag.py:541} INFO - Filling up the DagBag from /opt/airflow/dags/exchange_rate_dag.py
[2024-08-25T16:41:50.105+0000] {processor.py:836} INFO - DAG(s) dict_keys(['currency_exchange_dag']) retrieved from /opt/airflow/dags/exchange_rate_dag.py
[2024-08-25T16:41:50.137+0000] {logging_mixin.py:149} INFO - [2024-08-25T16:41:50.137+0000] {dag.py:2726} INFO - Sync 1 DAGs
[2024-08-25T16:41:50.167+0000] {logging_mixin.py:149} INFO - [2024-08-25T16:41:50.167+0000] {dag.py:3490} INFO - Setting next_dagrun for currency_exchange_dag to 2024-08-25T15:00:00+00:00, run_after=2024-08-25T16:00:00+00:00
[2024-08-25T16:41:50.196+0000] {processor.py:179} INFO - Processing /opt/airflow/dags/exchange_rate_dag.py took 0.129 seconds
[2024-08-25T16:42:20.383+0000] {processor.py:157} INFO - Started process (PID=498) to work on /opt/airflow/dags/exchange_rate_dag.py
[2024-08-25T16:42:20.385+0000] {processor.py:826} INFO - Processing file /opt/airflow/dags/exchange_rate_dag.py for tasks to queue
[2024-08-25T16:42:20.387+0000] {logging_mixin.py:149} INFO - [2024-08-25T16:42:20.387+0000] {dagbag.py:541} INFO - Filling up the DagBag from /opt/airflow/dags/exchange_rate_dag.py
[2024-08-25T16:42:20.435+0000] {processor.py:836} INFO - DAG(s) dict_keys(['currency_exchange_dag']) retrieved from /opt/airflow/dags/exchange_rate_dag.py
[2024-08-25T16:42:20.476+0000] {logging_mixin.py:149} INFO - [2024-08-25T16:42:20.476+0000] {dag.py:2726} INFO - Sync 1 DAGs
[2024-08-25T16:42:20.507+0000] {logging_mixin.py:149} INFO - [2024-08-25T16:42:20.507+0000] {dag.py:3490} INFO - Setting next_dagrun for currency_exchange_dag to 2024-08-25T15:00:00+00:00, run_after=2024-08-25T16:00:00+00:00
[2024-08-25T16:42:20.533+0000] {processor.py:179} INFO - Processing /opt/airflow/dags/exchange_rate_dag.py took 0.154 seconds
[2024-08-25T16:42:50.756+0000] {processor.py:157} INFO - Started process (PID=503) to work on /opt/airflow/dags/exchange_rate_dag.py
[2024-08-25T16:42:50.758+0000] {processor.py:826} INFO - Processing file /opt/airflow/dags/exchange_rate_dag.py for tasks to queue
[2024-08-25T16:42:50.759+0000] {logging_mixin.py:149} INFO - [2024-08-25T16:42:50.759+0000] {dagbag.py:541} INFO - Filling up the DagBag from /opt/airflow/dags/exchange_rate_dag.py
[2024-08-25T16:42:50.799+0000] {processor.py:836} INFO - DAG(s) dict_keys(['currency_exchange_dag']) retrieved from /opt/airflow/dags/exchange_rate_dag.py
[2024-08-25T16:42:50.832+0000] {logging_mixin.py:149} INFO - [2024-08-25T16:42:50.832+0000] {dag.py:2726} INFO - Sync 1 DAGs
[2024-08-25T16:42:50.873+0000] {logging_mixin.py:149} INFO - [2024-08-25T16:42:50.873+0000] {dag.py:3490} INFO - Setting next_dagrun for currency_exchange_dag to 2024-08-25T15:00:00+00:00, run_after=2024-08-25T16:00:00+00:00
[2024-08-25T16:42:50.899+0000] {processor.py:179} INFO - Processing /opt/airflow/dags/exchange_rate_dag.py took 0.146 seconds
[2024-08-25T16:43:21.341+0000] {processor.py:157} INFO - Started process (PID=508) to work on /opt/airflow/dags/exchange_rate_dag.py
[2024-08-25T16:43:21.351+0000] {processor.py:826} INFO - Processing file /opt/airflow/dags/exchange_rate_dag.py for tasks to queue
[2024-08-25T16:43:21.354+0000] {logging_mixin.py:149} INFO - [2024-08-25T16:43:21.353+0000] {dagbag.py:541} INFO - Filling up the DagBag from /opt/airflow/dags/exchange_rate_dag.py
[2024-08-25T16:43:21.557+0000] {processor.py:836} INFO - DAG(s) dict_keys(['currency_exchange_dag']) retrieved from /opt/airflow/dags/exchange_rate_dag.py
[2024-08-25T16:43:21.604+0000] {logging_mixin.py:149} INFO - [2024-08-25T16:43:21.604+0000] {dag.py:2726} INFO - Sync 1 DAGs
[2024-08-25T16:43:21.759+0000] {logging_mixin.py:149} INFO - [2024-08-25T16:43:21.759+0000] {dag.py:3490} INFO - Setting next_dagrun for currency_exchange_dag to 2024-08-25T15:00:00+00:00, run_after=2024-08-25T16:00:00+00:00
[2024-08-25T16:43:21.800+0000] {processor.py:179} INFO - Processing /opt/airflow/dags/exchange_rate_dag.py took 0.467 seconds
